#
# A fatal error has been detected by the Java Runtime Environment:
#
#  EXCEPTION_ACCESS_VIOLATION (0xc0000005) at pc=0x000000005e3909c0, pid=12260, tid=0x0000000000002f78
#
# JRE version: Java(TM) SE Runtime Environment (8.0_231-b11) (build 1.8.0_231-b11)
# Java VM: Java HotSpot(TM) 64-Bit Server VM (25.231-b11 mixed mode windows-amd64 compressed oops)
# Problematic frame:
# V  [jvm.dll+0xb09c0]
#
# Failed to write core dump. Minidumps are not enabled by default on client versions of Windows
#
# If you would like to submit a bug report, please visit:
#   http://bugreport.java.com/bugreport/crash.jsp
#

---------------  T H R E A D  ---------------

Current thread (0x00000000026db800):  GCTaskThread [stack: 0x0000000012230000,0x0000000012330000] [id=12152]

siginfo: ExceptionCode=0xc0000005, reading address 0x0000000000000008

Registers:
RAX=0x0000000000000000, RBX=0x00000000d84136f0, RCX=0x00000000d84136f0, RDX=0x0000000000000000
RSP=0x000000001232f738, RBP=0x0000000000000000, RSI=0x00000000172f5040, RDI=0x0000123e00000262
R8 =0x00000000172f5040, R9 =0x0000000000000005, R10=0x0000000000000008, R11=0x00000000d7fdc000
R12=0x000000005e93db28, R13=0x0000000000000000, R14=0x0000000000000000, R15=0x00000000026dbfe0
RIP=0x000000005e3909c0, EFLAGS=0x0000000000010246

Top of Stack: (sp=0x000000001232f738)
0x000000001232f738:   000000005e6e4ec2 00000000d841be08
0x000000001232f748:   0000000000000002 00000000172f5040
0x000000001232f758:   000000005e3cd2ba 00000000d7fda7c4
0x000000001232f768:   0000000000001000 00000000d8328c80
0x000000001232f778:   000000001232f8a0 0000000000000000
0x000000001232f788:   00000000026d4301 000000005e93db28
0x000000001232f798:   000000005e6e5230 00000000d7fdbd98
0x000000001232f7a8:   0000000000000000 00000000172f5040
0x000000001232f7b8:   0000123e00000262 00000000d7fdbd98
0x000000001232f7c8:   000000005e6e5c05 0000000000000011
0x000000001232f7d8:   000000005e93db28 00000000d7fdb610
0x000000001232f7e8:   000000005e6e5141 0000123e00000262
0x000000001232f7f8:   0000000000000005 00000000172f5040
0x000000001232f808:   0000123e00000262 00000000d7fac010
0x000000001232f818:   0000123d00000262 00000d2c00000fc9
0x000000001232f828:   00000d2c00000fd3 00000000026dbfd0 

Instructions: (pc=0x000000005e3909c0)
0x000000005e3909a0:   4c e0 1d 00 48 8b 9c 24 d0 00 00 00 48 81 c4 c0
0x000000005e3909b0:   00 00 00 5d c3 cc cc cc cc cc cc cc cc cc cc cc
0x000000005e3909c0:   44 8b 42 08 4c 8b ca 45 85 c0 7e 0e 41 f6 c0 01
0x000000005e3909d0:   75 57 41 c1 f8 03 41 8b c0 c3 79 4d 80 3d ee 6f 


Register to memory mapping:

RAX=0x0000000000000000 is an unknown value
RBX=0x00000000d84136f0 is an unknown value
RCX=0x00000000d84136f0 is an unknown value
RDX=0x0000000000000000 is an unknown value
RSP=0x000000001232f738 is an unknown value
RBP=0x0000000000000000 is an unknown value
RSI=0x00000000172f5040 is an unknown value
RDI=0x0000123e00000262 is an unknown value
R8 =0x00000000172f5040 is an unknown value
R9 =0x0000000000000005 is an unknown value
R10=0x0000000000000008 is an unknown value
R11=0x00000000d7fdc000 is an oop

[error occurred during error reporting (printing register info), id 0xc0000005]

Stack: [0x0000000012230000,0x0000000012330000],  sp=0x000000001232f738,  free space=1021k
Native frames: (J=compiled Java code, j=interpreted, Vv=VM code, C=native code)


---------------  P R O C E S S  ---------------

Java Threads: ( => current thread )
  0x0000000019ad2800 JavaThread "background-preinit" [_thread_blocked, id=1088, stack(0x000000001a780000,0x000000001a880000)]
  0x0000000019882800 JavaThread "RMI TCP Accept-0" daemon [_thread_in_native, id=11496, stack(0x0000000019fb0000,0x000000001a0b0000)]
  0x000000001987d800 JavaThread "RMI TCP Accept-64507" daemon [_thread_in_native, id=10596, stack(0x0000000019eb0000,0x0000000019fb0000)]
  0x0000000019873800 JavaThread "RMI TCP Accept-0" daemon [_thread_in_native, id=11756, stack(0x0000000019db0000,0x0000000019eb0000)]
  0x0000000018df0000 JavaThread "Service Thread" daemon [_thread_blocked, id=6568, stack(0x00000000191b0000,0x00000000192b0000)]
  0x000000001734d800 JavaThread "C1 CompilerThread2" daemon [_thread_blocked, id=9936, stack(0x0000000018cb0000,0x0000000018db0000)]
  0x000000001733e800 JavaThread "C2 CompilerThread1" daemon [_thread_blocked, id=8148, stack(0x0000000018bb0000,0x0000000018cb0000)]
  0x000000001733c800 JavaThread "C2 CompilerThread0" daemon [_thread_blocked, id=9112, stack(0x0000000018ab0000,0x0000000018bb0000)]
  0x000000001733b000 JavaThread "Attach Listener" daemon [_thread_blocked, id=11176, stack(0x00000000189b0000,0x0000000018ab0000)]
  0x000000001733a000 JavaThread "Signal Dispatcher" daemon [_thread_blocked, id=496, stack(0x00000000188b0000,0x00000000189b0000)]
  0x000000001731b800 JavaThread "Finalizer" daemon [_thread_blocked, id=11864, stack(0x0000000018580000,0x0000000018680000)]
  0x000000001731a000 JavaThread "Reference Handler" daemon [_thread_blocked, id=8408, stack(0x0000000018480000,0x0000000018580000)]
  0x00000000026c5800 JavaThread "main" [_thread_blocked, id=11540, stack(0x00000000025c0000,0x00000000026c0000)]

Other Threads:
  0x00000000172f7000 VMThread [stack: 0x0000000018380000,0x0000000018480000] [id=9224]
  0x0000000019885800 WatcherThread [stack: 0x000000001a0b0000,0x000000001a1b0000] [id=11544]

=>0x00000000026db800 (exited) GCTaskThread [stack: 0x0000000012230000,0x0000000012330000] [id=12152]

VM state:at safepoint (normal execution)

VM Mutex/Monitor currently owned by a thread:  ([mutex/lock_event])
[0x00000000026c27d0] Threads_lock - owner thread: 0x00000000172f7000
[0x00000000026c2650] Heap_lock - owner thread: 0x0000000019ad2800

heap address: 0x0000000081400000, size: 2028 MB, Compressed Oops mode: 32-bit
Narrow klass base: 0x0000000000000000, Narrow klass shift: 3
Compressed class space size: 1073741824 Address: 0x0000000100000000

Heap:
 PSYoungGen      total 38400K, used 38395K [0x00000000d5c00000, 0x00000000da700000, 0x0000000100000000)
  eden space 33280K, 100% used [0x00000000d5c00000,0x00000000d7c80000,0x00000000d7c80000)
  from space 5120K, 99% used [0x00000000d8180000,0x00000000d867ec20,0x00000000d8680000)
  to   space 5120K, 84% used [0x00000000d7c80000,0x00000000d80b4010,0x00000000d8180000)
 ParOldGen       total 87552K, used 462K [0x0000000081400000, 0x0000000086980000, 0x00000000d5c00000)
  object space 87552K, 0% used [0x0000000081400000,0x0000000081473b70,0x0000000086980000)
 Metaspace       used 16989K, capacity 17492K, committed 17664K, reserved 1064960K
  class space    used 2298K, capacity 2439K, committed 2560K, reserved 1048576K

Card table byte_map: [0x0000000011b80000,0x0000000011f80000] byte_map_base: 0x0000000011776000

Marking Bits: (ParMarkBitMap*) 0x000000005eb06d90
 Begin Bits: [0x0000000012630000, 0x00000000145e0000)
 End Bits:   [0x00000000145e0000, 0x0000000016590000)

Polling page: 0x0000000002420000

CodeCache: size=245760Kb used=3028Kb max_used=3028Kb free=242731Kb
 bounds [0x00000000027c0000, 0x0000000002ac0000, 0x00000000117c0000]
 total_blobs=1690 nmethods=1308 adapters=294
 compilation: enabled

Compilation events (10 events):
Event: 0.797 Thread 0x000000001734d800 1304       1       sun.invoke.util.BytecodeDescriptor::unparseMethod (68 bytes)
Event: 0.797 Thread 0x000000001734d800 nmethod 1304 0x0000000002ab2490 code [0x0000000002ab26a0, 0x0000000002ab2e38]
Event: 0.803 Thread 0x000000001734d800 1305       1       java.lang.invoke.MethodHandles$Lookup::in (125 bytes)
Event: 0.804 Thread 0x000000001734d800 nmethod 1305 0x0000000002ab3510 code [0x0000000002ab36c0, 0x0000000002ab3b38]
Event: 0.806 Thread 0x000000001734d800 1306       1       java.lang.Class$MethodArray::addIfNotPresent (47 bytes)
Event: 0.806 Thread 0x000000001734d800 nmethod 1306 0x0000000002ab42d0 code [0x0000000002ab4440, 0x0000000002ab4618]
Event: 0.806 Thread 0x000000001734d800 1307       1       java.lang.Enum::<init> (15 bytes)
Event: 0.806 Thread 0x000000001734d800 nmethod 1307 0x0000000002ab4790 code [0x0000000002ab48e0, 0x0000000002ab4a10]
Event: 0.807 Thread 0x000000001734d800 1308       1       java.lang.System::checkKey (34 bytes)
Event: 0.807 Thread 0x000000001734d800 nmethod 1308 0x0000000002ab4a90 code [0x0000000002ab4c20, 0x0000000002ab4e88]

GC Heap History (5 events):
Event: 0.580 GC heap before
{Heap before GC invocations=1 (full 0):
 PSYoungGen      total 38400K, used 33280K [0x00000000d5c00000, 0x00000000d8680000, 0x0000000100000000)
  eden space 33280K, 100% used [0x00000000d5c00000,0x00000000d7c80000,0x00000000d7c80000)
  from space 5120K, 0% used [0x00000000d8180000,0x00000000d8180000,0x00000000d8680000)
  to   space 5120K, 0% used [0x00000000d7c80000,0x00000000d7c80000,0x00000000d8180000)
 ParOldGen       total 87552K, used 0K [0x0000000081400000, 0x0000000086980000, 0x00000000d5c00000)
  object space 87552K, 0% used [0x0000000081400000,0x0000000081400000,0x0000000086980000)
 Metaspace       used 11343K, capacity 11604K, committed 11776K, reserved 1058816K
  class space    used 1427K, capacity 1506K, committed 1536K, reserved 1048576K
Event: 0.585 GC heap after
Heap after GC invocations=1 (full 0):
 PSYoungGen      total 38400K, used 4803K [0x00000000d5c00000, 0x00000000d8680000, 0x0000000100000000)
  eden space 33280K, 0% used [0x00000000d5c00000,0x00000000d5c00000,0x00000000d7c80000)
  from space 5120K, 93% used [0x00000000d7c80000,0x00000000d8130dc0,0x00000000d8180000)
  to   space 5120K, 0% used [0x00000000d8180000,0x00000000d8180000,0x00000000d8680000)
 ParOldGen       total 87552K, used 16K [0x0000000081400000, 0x0000000086980000, 0x00000000d5c00000)
  object space 87552K, 0% used [0x0000000081400000,0x0000000081404000,0x0000000086980000)
 Metaspace       used 11343K, capacity 11604K, committed 11776K, reserved 1058816K
  class space    used 1427K, capacity 1506K, committed 1536K, reserved 1048576K
}
Event: 0.709 GC heap before
{Heap before GC invocations=2 (full 0):
 PSYoungGen      total 38400K, used 38083K [0x00000000d5c00000, 0x00000000d8680000, 0x0000000100000000)
  eden space 33280K, 100% used [0x00000000d5c00000,0x00000000d7c80000,0x00000000d7c80000)
  from space 5120K, 93% used [0x00000000d7c80000,0x00000000d8130dc0,0x00000000d8180000)
  to   space 5120K, 0% used [0x00000000d8180000,0x00000000d8180000,0x00000000d8680000)
 ParOldGen       total 87552K, used 16K [0x0000000081400000, 0x0000000086980000, 0x00000000d5c00000)
  object space 87552K, 0% used [0x0000000081400000,0x0000000081404000,0x0000000086980000)
 Metaspace       used 14496K, capacity 14976K, committed 15232K, reserved 1062912K
  class space    used 1913K, capacity 2053K, committed 2176K, reserved 1048576K
Event: 0.714 GC heap after
Heap after GC invocations=2 (full 0):
 PSYoungGen      total 38400K, used 5115K [0x00000000d5c00000, 0x00000000da700000, 0x0000000100000000)
  eden space 33280K, 0% used [0x00000000d5c00000,0x00000000d5c00000,0x00000000d7c80000)
  from space 5120K, 99% used [0x00000000d8180000,0x00000000d867ec20,0x00000000d8680000)
  to   space 5120K, 0% used [0x00000000d7c80000,0x00000000d7c80000,0x00000000d8180000)
 ParOldGen       total 87552K, used 454K [0x0000000081400000, 0x0000000086980000, 0x00000000d5c00000)
  object space 87552K, 0% used [0x0000000081400000,0x0000000081471b70,0x0000000086980000)
 Metaspace       used 14496K, capacity 14976K, committed 15232K, reserved 1062912K
  class space    used 1913K, capacity 2053K, committed 2176K, reserved 1048576K
}
Event: 0.808 GC heap before
{Heap before GC invocations=3 (full 0):
 PSYoungGen      total 38400K, used 38395K [0x00000000d5c00000, 0x00000000da700000, 0x0000000100000000)
  eden space 33280K, 100% used [0x00000000d5c00000,0x00000000d7c80000,0x00000000d7c80000)
  from space 5120K, 99% used [0x00000000d8180000,0x00000000d867ec20,0x00000000d8680000)
  to   space 5120K, 0% used [0x00000000d7c80000,0x00000000d7c80000,0x00000000d8180000)
 ParOldGen       total 87552K, used 454K [0x0000000081400000, 0x0000000086980000, 0x00000000d5c00000)
  object space 87552K, 0% used [0x0000000081400000,0x0000000081471b70,0x0000000086980000)
 Metaspace       used 16989K, capacity 17492K, committed 17664K, reserved 1064960K
  class space    used 2298K, capacity 2439K, committed 2560K, reserved 1048576K

Deoptimization events (0 events):
No events

Classes redefined (0 events):
No events

Internal exceptions (10 events):
Event: 0.747 Thread 0x0000000019ad2800 Exception <a 'java/lang/ArrayIndexOutOfBoundsException'> (0x00000000d6a57720) thrown at [C:\re\workspace\8-2-build-windows-amd64-cygwin\jdk8u231\13620\hotspot\src\share\vm\runtime\sharedRuntime.cpp, line 605]
Event: 0.748 Thread 0x0000000019ad2800 Exception <a 'java/lang/ArrayIndexOutOfBoundsException'> (0x00000000d6a82910) thrown at [C:\re\workspace\8-2-build-windows-amd64-cygwin\jdk8u231\13620\hotspot\src\share\vm\runtime\sharedRuntime.cpp, line 605]
Event: 0.748 Thread 0x0000000019ad2800 Exception <a 'java/lang/ArrayIndexOutOfBoundsException'> (0x00000000d6b18a10) thrown at [C:\re\workspace\8-2-build-windows-amd64-cygwin\jdk8u231\13620\hotspot\src\share\vm\runtime\sharedRuntime.cpp, line 605]
Event: 0.749 Thread 0x0000000019ad2800 Exception <a 'java/lang/ArrayIndexOutOfBoundsException'> (0x00000000d6b36848) thrown at [C:\re\workspace\8-2-build-windows-amd64-cygwin\jdk8u231\13620\hotspot\src\share\vm\runtime\sharedRuntime.cpp, line 605]
Event: 0.749 Thread 0x0000000019ad2800 Exception <a 'java/lang/ArrayIndexOutOfBoundsException'> (0x00000000d6b50488) thrown at [C:\re\workspace\8-2-build-windows-amd64-cygwin\jdk8u231\13620\hotspot\src\share\vm\runtime\sharedRuntime.cpp, line 605]
Event: 0.785 Thread 0x0000000019ad2800 Exception <a 'java/lang/ArrayIndexOutOfBoundsException'> (0x00000000d76d77e0) thrown at [C:\re\workspace\8-2-build-windows-amd64-cygwin\jdk8u231\13620\hotspot\src\share\vm\runtime\sharedRuntime.cpp, line 605]
Event: 0.786 Thread 0x0000000019ad2800 Exception <a 'java/lang/ArrayIndexOutOfBoundsException'> (0x00000000d76d83c8) thrown at [C:\re\workspace\8-2-build-windows-amd64-cygwin\jdk8u231\13620\hotspot\src\share\vm\runtime\sharedRuntime.cpp, line 605]
Event: 0.786 Thread 0x0000000019ad2800 Exception <a 'java/lang/ArrayIndexOutOfBoundsException'> (0x00000000d76d9e98) thrown at [C:\re\workspace\8-2-build-windows-amd64-cygwin\jdk8u231\13620\hotspot\src\share\vm\runtime\sharedRuntime.cpp, line 605]
Event: 0.806 Thread 0x00000000026c5800 Exception <a 'java/lang/ClassNotFoundException': java/lang/ObjectCustomizer> (0x00000000d7c06a70) thrown at [C:\re\workspace\8-2-build-windows-amd64-cygwin\jdk8u231\13620\hotspot\src\share\vm\classfile\systemDictionary.cpp, line 210]
Event: 0.807 Thread 0x00000000026c5800 Exception <a 'java/lang/ArrayIndexOutOfBoundsException'> (0x00000000d7c0a628) thrown at [C:\re\workspace\8-2-build-windows-amd64-cygwin\jdk8u231\13620\hotspot\src\share\vm\runtime\sharedRuntime.cpp, line 605]

Events (10 events):
Event: 0.808 loading class java/beans/Transient done
Event: 0.808 loading class java/beans/IndexedPropertyDescriptor
Event: 0.808 loading class java/beans/IndexedPropertyDescriptor done
Event: 0.808 loading class org/springframework/http/converter/GenericHttpMessageConverter
Event: 0.808 loading class org/springframework/http/converter/GenericHttpMessageConverter done
Event: 0.808 loading class java/beans/GenericBeanInfo
Event: 0.808 loading class java/beans/SimpleBeanInfo
Event: 0.808 loading class java/beans/SimpleBeanInfo done
Event: 0.808 loading class java/beans/GenericBeanInfo done
Event: 0.808 Executing VM operation: ParallelGCFailedAllocation


Dynamic libraries:
0x00007ff723c90000 - 0x00007ff723cc7000 	C:\Program Files\Java\jdk1.8.0_231\bin\javaw.exe
0x00007ffbefba0000 - 0x00007ffbefd4c000 	C:\Windows\SYSTEM32\ntdll.dll
0x00007ffbed790000 - 0x00007ffbed8ca000 	C:\Windows\system32\KERNEL32.DLL
0x00007ffbed190000 - 0x00007ffbed29f000 	C:\Windows\system32\KERNELBASE.dll
0x00007ffbead10000 - 0x00007ffbead98000 	C:\Windows\system32\apphelp.dll
0x00007ffbe3af0000 - 0x00007ffbe3b3f000 	C:\Windows\AppPatch\AppPatch64\AcGenral.DLL
0x00007ffbefaf0000 - 0x00007ffbefb97000 	C:\Windows\system32\msvcrt.dll
0x00007ffbecbc0000 - 0x00007ffbecbeb000 	C:\Windows\SYSTEM32\SspiCli.dll
0x00007ffbeef00000 - 0x00007ffbeef51000 	C:\Windows\system32\SHLWAPI.dll
0x00007ffbef6b0000 - 0x00007ffbef821000 	C:\Windows\system32\USER32.dll
0x00007ffbed410000 - 0x00007ffbed588000 	C:\Windows\system32\ole32.dll
0x00007ffbed8d0000 - 0x00007ffbeede8000 	C:\Windows\system32\SHELL32.dll
0x00007ffbebf90000 - 0x00007ffbebfae000 	C:\Windows\SYSTEM32\USERENV.dll
0x00007ffbeee50000 - 0x00007ffbeeef5000 	C:\Windows\system32\ADVAPI32.dll
0x00007ffbe0c80000 - 0x00007ffbe0c9b000 	C:\Windows\SYSTEM32\MPR.dll
0x00007ffbef390000 - 0x00007ffbef4c7000 	C:\Windows\system32\RPCRT4.dll
0x00007ffbeedf0000 - 0x00007ffbeee49000 	C:\Windows\SYSTEM32\sechost.dll
0x00007ffbef840000 - 0x00007ffbefa16000 	C:\Windows\SYSTEM32\combase.dll
0x00007ffbed590000 - 0x00007ffbed6d4000 	C:\Windows\system32\GDI32.dll
0x00007ffbecde0000 - 0x00007ffbecdf4000 	C:\Windows\SYSTEM32\profapi.dll
0x00007ffbec3a0000 - 0x00007ffbec452000 	C:\Windows\SYSTEM32\SHCORE.dll
0x00007ffbed3d0000 - 0x00007ffbed404000 	C:\Windows\system32\IMM32.DLL
0x00007ffbeef70000 - 0x00007ffbef0c2000 	C:\Windows\system32\MSCTF.dll
0x00007ffbec6d0000 - 0x00007ffbec92a000 	C:\Windows\WinSxS\amd64_microsoft.windows.common-controls_6595b64144ccf1df_6.0.9600.17031_none_6242a4b3ecbb55a1\COMCTL32.dll
0x000000005eb90000 - 0x000000005ec62000 	C:\Program Files\Java\jdk1.8.0_231\jre\bin\msvcr100.dll
0x000000005e2e0000 - 0x000000005eb86000 	C:\Program Files\Java\jdk1.8.0_231\jre\bin\server\jvm.dll
0x00007ffbd2f60000 - 0x00007ffbd2f69000 	C:\Windows\SYSTEM32\WSOCK32.dll
0x00007ffbe7320000 - 0x00007ffbe733f000 	C:\Windows\SYSTEM32\WINMM.dll
0x00007ffbebbf0000 - 0x00007ffbebbfa000 	C:\Windows\SYSTEM32\VERSION.dll
0x00007ffbeef60000 - 0x00007ffbeef67000 	C:\Windows\system32\PSAPI.DLL
0x00007ffbef270000 - 0x00007ffbef2c8000 	C:\Windows\system32\WS2_32.dll
0x00007ffbe72f0000 - 0x00007ffbe731a000 	C:\Windows\SYSTEM32\WINMMBASE.dll
0x00007ffbed3c0000 - 0x00007ffbed3c9000 	C:\Windows\system32\NSI.dll
0x00007ffbed2a0000 - 0x00007ffbed2ea000 	C:\Windows\SYSTEM32\cfgmgr32.dll
0x00007ffbeaf80000 - 0x00007ffbeafa6000 	C:\Windows\SYSTEM32\DEVOBJ.dll
0x00007ffbe8240000 - 0x00007ffbe824f000 	C:\Program Files\Java\jdk1.8.0_231\jre\bin\verify.dll
0x00007ffbe5300000 - 0x00007ffbe5329000 	C:\Program Files\Java\jdk1.8.0_231\jre\bin\java.dll
0x00007ffbe5ae0000 - 0x00007ffbe5af6000 	C:\Program Files\Java\jdk1.8.0_231\jre\bin\zip.dll
0x00007ffbe7610000 - 0x00007ffbe761d000 	C:\Program Files\Java\jdk1.8.0_231\jre\bin\management.dll
0x00007ffbe3ad0000 - 0x00007ffbe3aea000 	C:\Program Files\Java\jdk1.8.0_231\jre\bin\net.dll
0x00007ffbec1e0000 - 0x00007ffbec238000 	C:\Windows\system32\mswsock.dll
0x00007ffbdef60000 - 0x00007ffbdef72000 	C:\Program Files\Java\jdk1.8.0_231\jre\bin\nio.dll
0x00007ffbe28d0000 - 0x00007ffbe28e4000 	C:\Windows\system32\napinsp.dll
0x00007ffbe28a0000 - 0x00007ffbe28b9000 	C:\Windows\system32\pnrpnsp.dll
0x00007ffbe8790000 - 0x00007ffbe87ab000 	C:\Windows\system32\NLAapi.dll
0x00007ffbebff0000 - 0x00007ffbec093000 	C:\Windows\SYSTEM32\DNSAPI.dll
0x00007ffbe2890000 - 0x00007ffbe289c000 	C:\Windows\System32\winrnr.dll
0x00007ffbe2870000 - 0x00007ffbe2883000 	C:\Windows\system32\wshbth.dll
0x00007ffbe39f0000 - 0x00007ffbe39f9000 	C:\Windows\System32\rasadhlp.dll
0x00007ffbe7020000 - 0x00007ffbe7049000 	C:\Windows\SYSTEM32\IPHLPAPI.DLL
0x00007ffbe7000000 - 0x00007ffbe700a000 	C:\Windows\SYSTEM32\WINNSI.DLL
0x00007ffbe5dd0000 - 0x00007ffbe5e38000 	C:\Windows\System32\fwpuclnt.dll
0x00007ffbec240000 - 0x00007ffbec25e000 	C:\Windows\SYSTEM32\CRYPTSP.dll
0x00007ffbebe80000 - 0x00007ffbebeb5000 	C:\Windows\system32\rsaenh.dll
0x00007ffbec560000 - 0x00007ffbec586000 	C:\Windows\SYSTEM32\bcrypt.dll
0x00007ffbecbf0000 - 0x00007ffbecc50000 	C:\Windows\system32\bcryptprimitives.dll
0x00007ffbecc50000 - 0x00007ffbecc5a000 	C:\Windows\SYSTEM32\CRYPTBASE.dll
0x00007ffbe5ba0000 - 0x00007ffbe5bb4000 	C:\Windows\SYSTEM32\dhcpcsvc6.DLL
0x00007ffbe6780000 - 0x00007ffbe6799000 	C:\Windows\SYSTEM32\dhcpcsvc.DLL
0x00007ffbcebd0000 - 0x00007ffbced58000 	C:\Windows\SYSTEM32\dbghelp.dll

VM Arguments:
jvm_args: -Dcom.sun.management.jmxremote -Dcom.sun.management.jmxremote.port=64507 -Dcom.sun.management.jmxremote.authenticate=false -Dcom.sun.management.jmxremote.ssl=false -Djava.rmi.server.hostname=localhost -Dspring.jmx.enabled=true -Dspring.liveBeansView.mbeanDomain -Dspring.application.admin.enabled=true -Xverify:none -XX:TieredStopAtLevel=1 -Dfile.encoding=UTF-8 
java_command: com.example.demo.PurchaseOrderApplication
java_class_path (initial): D:\JAVA\purchase_order\target\classes;C:\Program Files\apache-tomcat-8.5.47\lib\annotations-api.jar;C:\Program Files\apache-tomcat-8.5.47\lib\catalina-ant.jar;C:\Program Files\apache-tomcat-8.5.47\lib\catalina-ha.jar;C:\Program Files\apache-tomcat-8.5.47\lib\catalina-storeconfig.jar;C:\Program Files\apache-tomcat-8.5.47\lib\catalina-tribes.jar;C:\Program Files\apache-tomcat-8.5.47\lib\catalina.jar;C:\Program Files\apache-tomcat-8.5.47\lib\ecj-4.6.3.jar;C:\Program Files\apache-tomcat-8.5.47\lib\el-api.jar;C:\Program Files\apache-tomcat-8.5.47\lib\jasper-el.jar;C:\Program Files\apache-tomcat-8.5.47\lib\jasper.jar;C:\Program Files\apache-tomcat-8.5.47\lib\jaspic-api.jar;C:\Program Files\apache-tomcat-8.5.47\lib\jsp-api.jar;C:\Program Files\apache-tomcat-8.5.47\lib\servlet-api.jar;C:\Program Files\apache-tomcat-8.5.47\lib\tomcat-api.jar;C:\Program Files\apache-tomcat-8.5.47\lib\tomcat-coyote.jar;C:\Program Files\apache-tomcat-8.5.47\lib\tomcat-dbcp.jar;C:\Program Files\apache-tomcat-8.5.47\lib\tomcat-i18n-de.jar;C:\Program Files\apache-tomcat-8.5.47\lib\tomcat-i18n-es.jar;C:\Program Files\apache-tomcat-8.5.47\lib\tomcat-i18n-fr.jar;C:\Program Files\apache-tomcat-8.5.47\lib\tomcat-i18n-ja.jar;C:\Program Files\apache-tomcat-8.5.47\lib\tomcat-i18n-ko.jar;C:\Program Files\apache-tomcat-8.5.47\lib\tomcat-i18n-ru.jar;C:\Program Files\apache-tomcat-8.5.47\lib\tomcat-i18n-zh-CN.jar;C:\Program Files\apache-tomcat-8.5.47\lib\tomcat-jdbc.jar;C:\Program Files\apache-tomcat-8.5.47\lib\tomcat-jni.jar;C:\Program Files\apache-tomcat-8.5.47\lib\tomcat-util-scan.jar;C:\Program Files\apache-tomcat-8.5.47\lib\tomcat-util.jar;C:\Program Files\apache-tomcat-8.5.47\lib\tomcat-websocket.jar;C:\Program Files\apache-tomcat-8.5.47\lib\websocket-api.jar;C:\Users\SLTECHKNOW_2\.m2\repository\org\springframework\boot\spring-boot-starter-data-jpa\2.0.5.RELEASE\spring-boot-starter-data-jpa-2.0.5.RELEASE.jar;C:\Users\SLTECHKNOW_2\.m2\repository\org\springframework\boot\sprin
Launcher Type: SUN_STANDARD

Environment Variables:
JAVA_HOME=C:\Program Files\Java\jdk1.8.0_231
PATH=C:/Program Files/Java/jre1.8.0_231/bin/server;C:/Program Files/Java/jre1.8.0_231/bin;C:/Program Files/Java/jre1.8.0_231/lib/amd64;C:\Program Files (x86)\Common Files\Oracle\Java\javapath;C:\ProgramData\Oracle\Java\javapath;c:\Program Files (x86)\Intel\iCLS Client\;c:\Program Files\Intel\iCLS Client\;C:\Windows\system32;C:\Windows;C:\Windows\System32\Wbem;C:\Windows\System32\WindowsPowerShell\v1.0\;C:\Program Files\Intel\Intel(R) Management Engine Components\DAL;C:\Program Files\Intel\Intel(R) Management Engine Components\IPT;C:\Program Files (x86)\Intel\Intel(R) Management Engine Components\DAL;C:\Program Files (x86)\Intel\Intel(R) Management Engine Components\IPT;C:\Program Files (x86)\CrSSL\bin;C:\Program Files (x86)\CrSSL\bin;C:\Program Files (x86)\CrSSL\bin;C:\Program Files (x86)\CrSSL\bin;C:\Program Files\Java\jdk1.8.0_231\bin;C:\Program Files\apache-maven-3.6.2\bin;C:\Program Files (x86)\Sophos\Sophos SSL VPN Client\bin;C:\Users\SLTECHKNOW_2\Downloads\eclipse-jee-2019-09-R-win32-x86_64\eclipse;
USERNAME=SLTECHKNOW_2
OS=Windows_NT
PROCESSOR_IDENTIFIER=Intel64 Family 6 Model 60 Stepping 3, GenuineIntel



---------------  S Y S T E M  ---------------

OS: Windows 8.1 , 64 bit Build 9600 (6.3.9600.17056)

CPU:total 4 (initial active 4) (2 cores per cpu, 2 threads per core) family 6 model 60 stepping 3, cmov, cx8, fxsr, mmx, sse, sse2, sse3, ssse3, sse4.1, sse4.2, popcnt, avx, avx2, aes, clmul, erms, lzcnt, ht, tsc, tscinvbit, bmi1, bmi2

Memory: 4k page, physical 8303552k(1736420k free), swap 16692160k(8270260k free)

vm_info: Java HotSpot(TM) 64-Bit Server VM (25.231-b11) for windows-amd64 JRE (1.8.0_231-b11), built on Oct  5 2019 03:11:30 by "java_re" with MS VC++ 10.0 (VS2010)

time: Fri Nov 08 15:02:23 2019
timezone: India Standard Time
elapsed time: 0 seconds (0d 0h 0m 0s)

