#
# A fatal error has been detected by the Java Runtime Environment:
#
#  EXCEPTION_ACCESS_VIOLATION (0xc0000005) at pc=0x000000005e335038, pid=9304, tid=0x0000000000002014
#
# JRE version: Java(TM) SE Runtime Environment (8.0_231-b11) (build 1.8.0_231-b11)
# Java VM: Java HotSpot(TM) 64-Bit Server VM (25.231-b11 mixed mode windows-amd64 compressed oops)
# Problematic frame:
# V  [jvm.dll+0x55038]
#
# Failed to write core dump. Minidumps are not enabled by default on client versions of Windows
#
# If you would like to submit a bug report, please visit:
#   http://bugreport.java.com/bugreport/crash.jsp
#

---------------  T H R E A D  ---------------

Current thread (0x0000000002735800):  JavaThread "main" [_thread_in_vm, id=8212, stack(0x0000000002630000,0x0000000002730000)]

siginfo: ExceptionCode=0xc0000005, reading address 0x000000001ab8f518

Registers:
RAX=0x0000000000000000, RBX=0x00000000000080a5, RCX=0x000000005e334fe1, RDX=0x0000000000000128
RSP=0x0000000002720bd0, RBP=0x0000000002720cd0, RSI=0x0000000002720e28, RDI=0x000000001ab4efa0
R8 =0x000000005e2e0000, R9 =0x0000000019d42158, R10=0x0000000000000016, R11=0x00000000027209f0
R12=0x0000000002735800, R13=0x00000000027211c0, R14=0x0000000000000001, R15=0x0000000000000016
RIP=0x000000005e335038, EFLAGS=0x0000000000010246

Top of Stack: (sp=0x0000000002720bd0)
0x0000000002720bd0:   0000000000000128 0000000002628170
0x0000000002720be0:   0000000002720e28 0000000000000000
0x0000000002720bf0:   0000000000000000 0000000000000000
0x0000000002720c00:   0000001600000128 0000000000000000
0x0000000002720c10:   0000000000000000 000000001ab4efa0
0x0000000002720c20:   0000000002735800 00000000027213e0
0x0000000002720c30:   0000000000000000 000000000277b3c1
0x0000000002720c40:   0000000000002801 0000000000000001
0x0000000002720c50:   0000000000000020 0000000000000000
0x0000000002720c60:   0000000000000000 00007ffbefbd07c7
0x0000000002720c70:   0000000000000000 0000000000000000
0x0000000002720c80:   0000000000000018 0000000000000000
0x0000000002720c90:   0000000000000000 0000000002720000
0x0000000002720ca0:   00090100000a0000 00000000027213c0
0x0000000002720cb0:   0000000000000000 0000000002720000
0x0000000002720cc0:   00000000ffffffff 00000000027213c0 

Instructions: (pc=0x000000005e335038)
0x000000005e335018:   00 4d 8b cc 44 8b c3 49 8b cd e8 f9 a6 ff ff 44
0x000000005e335028:   8b 54 24 34 49 83 7c 24 08 00 0f 85 0a 08 00 00
0x000000005e335038:   48 8b 44 df 50 48 8b 4f 08 49 63 d2 48 83 c8 01
0x000000005e335048:   c6 44 0a 04 64 48 89 44 24 68 4a 89 44 ff 50 e9 


Register to memory mapping:

RAX=0x0000000000000000 is an unknown value
RBX=0x00000000000080a5 is an unknown value
RCX=0x000000005e334fe1 is an unknown value
RDX=0x0000000000000128 is an unknown value
RSP=0x0000000002720bd0 is pointing into the stack for thread: 0x0000000002735800
RBP=0x0000000002720cd0 is pointing into the stack for thread: 0x0000000002735800
RSI=0x0000000002720e28 is pointing into the stack for thread: 0x0000000002735800
RDI=0x000000001ab4efa0 is pointing into metadata
R8 =0x000000005e2e0000 is an unknown value
R9 =0x0000000019d42158 is an unknown value
R10=0x0000000000000016 is an unknown value
R11=0x00000000027209f0 is pointing into the stack for thread: 0x0000000002735800
R12=0x0000000002735800 is a thread
R13=0x00000000027211c0 is pointing into the stack for thread: 0x0000000002735800
R14=0x0000000000000001 is an unknown value
R15=0x0000000000000016 is an unknown value


Stack: [0x0000000002630000,0x0000000002730000],  sp=0x0000000002720bd0,  free space=962k
Native frames: (J=compiled Java code, j=interpreted, Vv=VM code, C=native code)
V  [jvm.dll+0x55038]
V  [jvm.dll+0x5d010]
V  [jvm.dll+0x7cc44]
V  [jvm.dll+0x192ba1]
V  [jvm.dll+0x192f3b]
C  [java.dll+0x1751]
C  0x0000000002a548a5

Java frames: (J=compiled Java code, j=interpreted, Vv=VM code)
J 725  java.lang.ClassLoader.defineClass1(Ljava/lang/String;[BIILjava/security/ProtectionDomain;Ljava/lang/String;)Ljava/lang/Class; (0 bytes) @ 0x0000000002a5481f [0x0000000002a54780+0x9f]
J 723 C1 java.lang.ClassLoader.defineClass(Ljava/lang/String;[BIILjava/security/ProtectionDomain;)Ljava/lang/Class; (43 bytes) @ 0x0000000002a54c9c [0x0000000002a54ba0+0xfc]
J 730 C1 java.net.URLClassLoader.defineClass(Ljava/lang/String;Lsun/misc/Resource;)Ljava/lang/Class; (142 bytes) @ 0x0000000002a5834c [0x0000000002a57980+0x9cc]
J 668 C1 java.net.URLClassLoader$1.run()Ljava/lang/Class; (63 bytes) @ 0x0000000002a3e174 [0x0000000002a3e0c0+0xb4]
J 667 C1 java.net.URLClassLoader$1.run()Ljava/lang/Object; (5 bytes) @ 0x0000000002a3dd94 [0x0000000002a3dd60+0x34]
v  ~StubRoutines::call_stub
J 496  java.security.AccessController.doPrivileged(Ljava/security/PrivilegedExceptionAction;Ljava/security/AccessControlContext;)Ljava/lang/Object; (0 bytes) @ 0x00000000029eeae6 [0x00000000029eea80+0x66]
J 615 C1 java.net.URLClassLoader.findClass(Ljava/lang/String;)Ljava/lang/Class; (47 bytes) @ 0x0000000002a26fb4 [0x0000000002a26f00+0xb4]
J 488 C1 java.lang.ClassLoader.loadClass(Ljava/lang/String;Z)Ljava/lang/Class; (122 bytes) @ 0x00000000029eaca4 [0x00000000029ea9a0+0x304]
J 587 C1 sun.misc.Launcher$AppClassLoader.loadClass(Ljava/lang/String;Z)Ljava/lang/Class; (85 bytes) @ 0x0000000002a13404 [0x0000000002a13120+0x2e4]
J 579 C1 java.lang.ClassLoader.loadClass(Ljava/lang/String;)Ljava/lang/Class; (7 bytes) @ 0x0000000002a0b9e4 [0x0000000002a0b9a0+0x44]
v  ~StubRoutines::call_stub
J 725  java.lang.ClassLoader.defineClass1(Ljava/lang/String;[BIILjava/security/ProtectionDomain;Ljava/lang/String;)Ljava/lang/Class; (0 bytes) @ 0x0000000002a5481f [0x0000000002a54780+0x9f]
J 723 C1 java.lang.ClassLoader.defineClass(Ljava/lang/String;[BIILjava/security/ProtectionDomain;)Ljava/lang/Class; (43 bytes) @ 0x0000000002a54c9c [0x0000000002a54ba0+0xfc]
J 730 C1 java.net.URLClassLoader.defineClass(Ljava/lang/String;Lsun/misc/Resource;)Ljava/lang/Class; (142 bytes) @ 0x0000000002a5834c [0x0000000002a57980+0x9cc]
J 668 C1 java.net.URLClassLoader$1.run()Ljava/lang/Class; (63 bytes) @ 0x0000000002a3e174 [0x0000000002a3e0c0+0xb4]
J 667 C1 java.net.URLClassLoader$1.run()Ljava/lang/Object; (5 bytes) @ 0x0000000002a3dd94 [0x0000000002a3dd60+0x34]
v  ~StubRoutines::call_stub
J 496  java.security.AccessController.doPrivileged(Ljava/security/PrivilegedExceptionAction;Ljava/security/AccessControlContext;)Ljava/lang/Object; (0 bytes) @ 0x00000000029eeae6 [0x00000000029eea80+0x66]
J 615 C1 java.net.URLClassLoader.findClass(Ljava/lang/String;)Ljava/lang/Class; (47 bytes) @ 0x0000000002a26fb4 [0x0000000002a26f00+0xb4]
J 488 C1 java.lang.ClassLoader.loadClass(Ljava/lang/String;Z)Ljava/lang/Class; (122 bytes) @ 0x00000000029eaca4 [0x00000000029ea9a0+0x304]
J 587 C1 sun.misc.Launcher$AppClassLoader.loadClass(Ljava/lang/String;Z)Ljava/lang/Class; (85 bytes) @ 0x0000000002a13404 [0x0000000002a13120+0x2e4]
J 579 C1 java.lang.ClassLoader.loadClass(Ljava/lang/String;)Ljava/lang/Class; (7 bytes) @ 0x0000000002a0b9e4 [0x0000000002a0b9a0+0x44]
v  ~StubRoutines::call_stub
J 725  java.lang.ClassLoader.defineClass1(Ljava/lang/String;[BIILjava/security/ProtectionDomain;Ljava/lang/String;)Ljava/lang/Class; (0 bytes) @ 0x0000000002a5481f [0x0000000002a54780+0x9f]
J 723 C1 java.lang.ClassLoader.defineClass(Ljava/lang/String;[BIILjava/security/ProtectionDomain;)Ljava/lang/Class; (43 bytes) @ 0x0000000002a54c9c [0x0000000002a54ba0+0xfc]
J 730 C1 java.net.URLClassLoader.defineClass(Ljava/lang/String;Lsun/misc/Resource;)Ljava/lang/Class; (142 bytes) @ 0x0000000002a5834c [0x0000000002a57980+0x9cc]
J 668 C1 java.net.URLClassLoader$1.run()Ljava/lang/Class; (63 bytes) @ 0x0000000002a3e174 [0x0000000002a3e0c0+0xb4]
J 667 C1 java.net.URLClassLoader$1.run()Ljava/lang/Object; (5 bytes) @ 0x0000000002a3dd94 [0x0000000002a3dd60+0x34]
v  ~StubRoutines::call_stub
J 496  java.security.AccessController.doPrivileged(Ljava/security/PrivilegedExceptionAction;Ljava/security/AccessControlContext;)Ljava/lang/Object; (0 bytes) @ 0x00000000029eeae6 [0x00000000029eea80+0x66]
J 615 C1 java.net.URLClassLoader.findClass(Ljava/lang/String;)Ljava/lang/Class; (47 bytes) @ 0x0000000002a26fb4 [0x0000000002a26f00+0xb4]
J 488 C1 java.lang.ClassLoader.loadClass(Ljava/lang/String;Z)Ljava/lang/Class; (122 bytes) @ 0x00000000029eaca4 [0x00000000029ea9a0+0x304]
J 587 C1 sun.misc.Launcher$AppClassLoader.loadClass(Ljava/lang/String;Z)Ljava/lang/Class; (85 bytes) @ 0x0000000002a13404 [0x0000000002a13120+0x2e4]
J 579 C1 java.lang.ClassLoader.loadClass(Ljava/lang/String;)Ljava/lang/Class; (7 bytes) @ 0x0000000002a0b9e4 [0x0000000002a0b9a0+0x44]
v  ~StubRoutines::call_stub
J 725  java.lang.ClassLoader.defineClass1(Ljava/lang/String;[BIILjava/security/ProtectionDomain;Ljava/lang/String;)Ljava/lang/Class; (0 bytes) @ 0x0000000002a5481f [0x0000000002a54780+0x9f]
J 723 C1 java.lang.ClassLoader.defineClass(Ljava/lang/String;[BIILjava/security/ProtectionDomain;)Ljava/lang/Class; (43 bytes) @ 0x0000000002a54c9c [0x0000000002a54ba0+0xfc]
J 730 C1 java.net.URLClassLoader.defineClass(Ljava/lang/String;Lsun/misc/Resource;)Ljava/lang/Class; (142 bytes) @ 0x0000000002a5834c [0x0000000002a57980+0x9cc]
J 668 C1 java.net.URLClassLoader$1.run()Ljava/lang/Class; (63 bytes) @ 0x0000000002a3e174 [0x0000000002a3e0c0+0xb4]
J 667 C1 java.net.URLClassLoader$1.run()Ljava/lang/Object; (5 bytes) @ 0x0000000002a3dd94 [0x0000000002a3dd60+0x34]
v  ~StubRoutines::call_stub
J 496  java.security.AccessController.doPrivileged(Ljava/security/PrivilegedExceptionAction;Ljava/security/AccessControlContext;)Ljava/lang/Object; (0 bytes) @ 0x00000000029eeae6 [0x00000000029eea80+0x66]
J 615 C1 java.net.URLClassLoader.findClass(Ljava/lang/String;)Ljava/lang/Class; (47 bytes) @ 0x0000000002a26fb4 [0x0000000002a26f00+0xb4]
J 488 C1 java.lang.ClassLoader.loadClass(Ljava/lang/String;Z)Ljava/lang/Class; (122 bytes) @ 0x00000000029eaca4 [0x00000000029ea9a0+0x304]
J 587 C1 sun.misc.Launcher$AppClassLoader.loadClass(Ljava/lang/String;Z)Ljava/lang/Class; (85 bytes) @ 0x0000000002a13404 [0x0000000002a13120+0x2e4]
J 579 C1 java.lang.ClassLoader.loadClass(Ljava/lang/String;)Ljava/lang/Class; (7 bytes) @ 0x0000000002a0b9e4 [0x0000000002a0b9a0+0x44]
v  ~StubRoutines::call_stub
J 725  java.lang.ClassLoader.defineClass1(Ljava/lang/String;[BIILjava/security/ProtectionDomain;Ljava/lang/String;)Ljava/lang/Class; (0 bytes) @ 0x0000000002a5481f [0x0000000002a54780+0x9f]
J 723 C1 java.lang.ClassLoader.defineClass(Ljava/lang/String;[BIILjava/security/ProtectionDomain;)Ljava/lang/Class; (43 bytes) @ 0x0000000002a54c9c [0x0000000002a54ba0+0xfc]
J 730 C1 java.net.URLClassLoader.defineClass(Ljava/lang/String;Lsun/misc/Resource;)Ljava/lang/Class; (142 bytes) @ 0x0000000002a5834c [0x0000000002a57980+0x9cc]
J 668 C1 java.net.URLClassLoader$1.run()Ljava/lang/Class; (63 bytes) @ 0x0000000002a3e174 [0x0000000002a3e0c0+0xb4]
J 667 C1 java.net.URLClassLoader$1.run()Ljava/lang/Object; (5 bytes) @ 0x0000000002a3dd94 [0x0000000002a3dd60+0x34]
v  ~StubRoutines::call_stub
J 496  java.security.AccessController.doPrivileged(Ljava/security/PrivilegedExceptionAction;Ljava/security/AccessControlContext;)Ljava/lang/Object; (0 bytes) @ 0x00000000029eeae6 [0x00000000029eea80+0x66]
J 615 C1 java.net.URLClassLoader.findClass(Ljava/lang/String;)Ljava/lang/Class; (47 bytes) @ 0x0000000002a26fb4 [0x0000000002a26f00+0xb4]
J 488 C1 java.lang.ClassLoader.loadClass(Ljava/lang/String;Z)Ljava/lang/Class; (122 bytes) @ 0x00000000029eaca4 [0x00000000029ea9a0+0x304]
J 587 C1 sun.misc.Launcher$AppClassLoader.loadClass(Ljava/lang/String;Z)Ljava/lang/Class; (85 bytes) @ 0x0000000002a13404 [0x0000000002a13120+0x2e4]
J 579 C1 java.lang.ClassLoader.loadClass(Ljava/lang/String;)Ljava/lang/Class; (7 bytes) @ 0x0000000002a0b9e4 [0x0000000002a0b9a0+0x44]
v  ~StubRoutines::call_stub
J 725  java.lang.ClassLoader.defineClass1(Ljava/lang/String;[BIILjava/security/ProtectionDomain;Ljava/lang/String;)Ljava/lang/Class; (0 bytes) @ 0x0000000002a5481f [0x0000000002a54780+0x9f]
J 723 C1 java.lang.ClassLoader.defineClass(Ljava/lang/String;[BIILjava/security/ProtectionDomain;)Ljava/lang/Class; (43 bytes) @ 0x0000000002a54c9c [0x0000000002a54ba0+0xfc]
J 730 C1 java.net.URLClassLoader.defineClass(Ljava/lang/String;Lsun/misc/Resource;)Ljava/lang/Class; (142 bytes) @ 0x0000000002a5834c [0x0000000002a57980+0x9cc]
J 668 C1 java.net.URLClassLoader$1.run()Ljava/lang/Class; (63 bytes) @ 0x0000000002a3e174 [0x0000000002a3e0c0+0xb4]
J 667 C1 java.net.URLClassLoader$1.run()Ljava/lang/Object; (5 bytes) @ 0x0000000002a3dd94 [0x0000000002a3dd60+0x34]
v  ~StubRoutines::call_stub
J 496  java.security.AccessController.doPrivileged(Ljava/security/PrivilegedExceptionAction;Ljava/security/AccessControlContext;)Ljava/lang/Object; (0 bytes) @ 0x00000000029eeae6 [0x00000000029eea80+0x66]
J 615 C1 java.net.URLClassLoader.findClass(Ljava/lang/String;)Ljava/lang/Class; (47 bytes) @ 0x0000000002a26fb4 [0x0000000002a26f00+0xb4]
J 488 C1 java.lang.ClassLoader.loadClass(Ljava/lang/String;Z)Ljava/lang/Class; (122 bytes) @ 0x00000000029eaca4 [0x00000000029ea9a0+0x304]
J 587 C1 sun.misc.Launcher$AppClassLoader.loadClass(Ljava/lang/String;Z)Ljava/lang/Class; (85 bytes) @ 0x0000000002a13404 [0x0000000002a13120+0x2e4]
J 579 C1 java.lang.ClassLoader.loadClass(Ljava/lang/String;)Ljava/lang/Class; (7 bytes) @ 0x0000000002a0b9e4 [0x0000000002a0b9a0+0x44]
v  ~StubRoutines::call_stub
j  java.lang.Class.getDeclaredConstructors0(Z)[Ljava/lang/reflect/Constructor;+0
J 1006 C1 java.lang.Class.privateGetDeclaredConstructors(Z)[Ljava/lang/reflect/Constructor; (85 bytes) @ 0x0000000002ac182c [0x0000000002ac16a0+0x18c]
j  java.lang.Class.getConstructor0([Ljava/lang/Class;I)Ljava/lang/reflect/Constructor;+10
j  java.lang.Class.getDeclaredConstructor([Ljava/lang/Class;)Ljava/lang/reflect/Constructor;+12
j  org.springframework.beans.BeanUtils.instantiateClass(Ljava/lang/Class;)Ljava/lang/Object;+43
j  org.springframework.boot.SpringApplication.createApplicationContext()Lorg/springframework/context/ConfigurableApplicationContext;+88
j  org.springframework.boot.SpringApplication.run([Ljava/lang/String;)Lorg/springframework/context/ConfigurableApplicationContext;+74
j  org.springframework.boot.SpringApplication.run([Ljava/lang/Class;[Ljava/lang/String;)Lorg/springframework/context/ConfigurableApplicationContext;+9
j  org.springframework.boot.SpringApplication.run(Ljava/lang/Class;[Ljava/lang/String;)Lorg/springframework/context/ConfigurableApplicationContext;+9
j  com.example.demo.PurchaseOrderApplication.main([Ljava/lang/String;)V+3
v  ~StubRoutines::call_stub

---------------  P R O C E S S  ---------------

Java Threads: ( => current thread )
  0x0000000019b1f000 JavaThread "background-preinit" [_thread_blocked, id=7544, stack(0x000000001a7f0000,0x000000001a8f0000)]
  0x00000000198ef800 JavaThread "RMI TCP Accept-0" daemon [_thread_in_native, id=12252, stack(0x000000001a020000,0x000000001a120000)]
  0x00000000198ea800 JavaThread "RMI TCP Accept-64129" daemon [_thread_in_native, id=10556, stack(0x0000000019f20000,0x000000001a020000)]
  0x00000000198e1000 JavaThread "RMI TCP Accept-0" daemon [_thread_in_native, id=11064, stack(0x0000000019e20000,0x0000000019f20000)]
  0x0000000018d8b800 JavaThread "Service Thread" daemon [_thread_blocked, id=12208, stack(0x0000000019240000,0x0000000019340000)]
  0x0000000018d50800 JavaThread "C1 CompilerThread2" daemon [_thread_blocked, id=8776, stack(0x0000000019140000,0x0000000019240000)]
  0x00000000173b0000 JavaThread "C2 CompilerThread1" daemon [_thread_blocked, id=11228, stack(0x0000000018c40000,0x0000000018d40000)]
  0x00000000173ad800 JavaThread "C2 CompilerThread0" daemon [_thread_blocked, id=10312, stack(0x0000000018b40000,0x0000000018c40000)]
  0x00000000173ac800 JavaThread "Attach Listener" daemon [_thread_blocked, id=2328, stack(0x0000000018a40000,0x0000000018b40000)]
  0x00000000173ab000 JavaThread "Signal Dispatcher" daemon [_thread_blocked, id=5440, stack(0x0000000018940000,0x0000000018a40000)]
  0x000000001738b000 JavaThread "Finalizer" daemon [_thread_blocked, id=8608, stack(0x0000000018610000,0x0000000018710000)]
  0x0000000002826000 JavaThread "Reference Handler" daemon [_thread_blocked, id=784, stack(0x0000000018510000,0x0000000018610000)]
=>0x0000000002735800 JavaThread "main" [_thread_in_vm, id=8212, stack(0x0000000002630000,0x0000000002730000)]

Other Threads:
  0x0000000017367800 VMThread [stack: 0x0000000018410000,0x0000000018510000] [id=11648]
  0x00000000198f3800 WatcherThread [stack: 0x000000001a120000,0x000000001a220000] [id=11464]

VM state:synchronizing (normal execution)

VM Mutex/Monitor currently owned by a thread:  ([mutex/lock_event])
[0x00000000027333d0] Threads_lock - owner thread: 0x0000000017367800
[0x0000000002732f50] Heap_lock - owner thread: 0x0000000019b1f000

heap address: 0x0000000081400000, size: 2028 MB, Compressed Oops mode: 32-bit
Narrow klass base: 0x0000000000000000, Narrow klass shift: 3
Compressed class space size: 1073741824 Address: 0x0000000100000000

Heap:
 PSYoungGen      total 38400K, used 38035K [0x00000000d5c00000, 0x00000000d8680000, 0x0000000100000000)
  eden space 33280K, 100% used [0x00000000d5c00000,0x00000000d7c80000,0x00000000d7c80000)
  from space 5120K, 92% used [0x00000000d7c80000,0x00000000d8124eb8,0x00000000d8180000)
  to   space 5120K, 0% used [0x00000000d8180000,0x00000000d8180000,0x00000000d8680000)
 ParOldGen       total 87552K, used 16K [0x0000000081400000, 0x0000000086980000, 0x00000000d5c00000)
  object space 87552K, 0% used [0x0000000081400000,0x0000000081404000,0x0000000086980000)
 Metaspace       used 14333K, capacity 14812K, committed 14848K, reserved 1062912K
  class space    used 1898K, capacity 2021K, committed 2048K, reserved 1048576K

Card table byte_map: [0x0000000011bf0000,0x0000000011ff0000] byte_map_base: 0x00000000117e6000

Marking Bits: (ParMarkBitMap*) 0x000000005eb06d90
 Begin Bits: [0x00000000126a0000, 0x0000000014650000)
 End Bits:   [0x0000000014650000, 0x0000000016600000)

Polling page: 0x0000000000ce0000

CodeCache: size=245760Kb used=2829Kb max_used=2829Kb free=242930Kb
 bounds [0x0000000002830000, 0x0000000002b00000, 0x0000000011830000]
 total_blobs=1542 nmethods=1172 adapters=283
 compilation: enabled

Compilation events (10 events):
Event: 0.676 Thread 0x0000000018d50800 1168       1       java.util.Arrays::copyOfRange (11 bytes)
Event: 0.677 Thread 0x0000000018d50800 nmethod 1168 0x0000000002af1090 code [0x0000000002af11e0, 0x0000000002af1308]
Event: 0.678 Thread 0x0000000018d50800 1169       1       java.util.stream.PipelineHelper::<init> (5 bytes)
Event: 0.678 Thread 0x0000000018d50800 nmethod 1169 0x0000000002af13d0 code [0x0000000002af1520, 0x0000000002af1630]
Event: 0.678 Thread 0x0000000018d50800 1170       1       java.util.Collections$EmptyIterator::hasNext (2 bytes)
Event: 0.678 Thread 0x0000000018d50800 nmethod 1170 0x0000000002af1690 code [0x0000000002af17e0, 0x0000000002af18f0]
Event: 0.683 Thread 0x0000000018d50800 1171       1       sun.reflect.generics.parser.SignatureParser::parseTypeArguments (109 bytes)
Event: 0.684 Thread 0x0000000018d50800 nmethod 1171 0x0000000002af1950 code [0x0000000002af1b60, 0x0000000002af2188]
Event: 0.684 Thread 0x0000000018d50800 1172       1       sun.reflect.generics.parser.SignatureParser::parseTypeArgument (133 bytes)
Event: 0.685 Thread 0x0000000018d50800 nmethod 1172 0x0000000002af2690 code [0x0000000002af2880, 0x0000000002af3208]

GC Heap History (2 events):
Event: 0.558 GC heap before
{Heap before GC invocations=1 (full 0):
 PSYoungGen      total 38400K, used 33280K [0x00000000d5c00000, 0x00000000d8680000, 0x0000000100000000)
  eden space 33280K, 100% used [0x00000000d5c00000,0x00000000d7c80000,0x00000000d7c80000)
  from space 5120K, 0% used [0x00000000d8180000,0x00000000d8180000,0x00000000d8680000)
  to   space 5120K, 0% used [0x00000000d7c80000,0x00000000d7c80000,0x00000000d8180000)
 ParOldGen       total 87552K, used 0K [0x0000000081400000, 0x0000000086980000, 0x00000000d5c00000)
  object space 87552K, 0% used [0x0000000081400000,0x0000000081400000,0x0000000086980000)
 Metaspace       used 11322K, capacity 11604K, committed 11776K, reserved 1058816K
  class space    used 1427K, capacity 1506K, committed 1536K, reserved 1048576K
Event: 0.563 GC heap after
Heap after GC invocations=1 (full 0):
 PSYoungGen      total 38400K, used 4755K [0x00000000d5c00000, 0x00000000d8680000, 0x0000000100000000)
  eden space 33280K, 0% used [0x00000000d5c00000,0x00000000d5c00000,0x00000000d7c80000)
  from space 5120K, 92% used [0x00000000d7c80000,0x00000000d8124eb8,0x00000000d8180000)
  to   space 5120K, 0% used [0x00000000d8180000,0x00000000d8180000,0x00000000d8680000)
 ParOldGen       total 87552K, used 16K [0x0000000081400000, 0x0000000086980000, 0x00000000d5c00000)
  object space 87552K, 0% used [0x0000000081400000,0x0000000081404000,0x0000000086980000)
 Metaspace       used 11322K, capacity 11604K, committed 11776K, reserved 1058816K
  class space    used 1427K, capacity 1506K, committed 1536K, reserved 1048576K
}

Deoptimization events (0 events):
No events

Classes redefined (0 events):
No events

Internal exceptions (10 events):
Event: 0.683 Thread 0x0000000019b1f000 Exception <a 'java/lang/ArrayIndexOutOfBoundsException'> (0x00000000d7b8a0c0) thrown at [C:\re\workspace\8-2-build-windows-amd64-cygwin\jdk8u231\13620\hotspot\src\share\vm\runtime\sharedRuntime.cpp, line 605]
Event: 0.683 Thread 0x0000000019b1f000 Exception <a 'java/lang/ArrayIndexOutOfBoundsException'> (0x00000000d7b8b8c0) thrown at [C:\re\workspace\8-2-build-windows-amd64-cygwin\jdk8u231\13620\hotspot\src\share\vm\runtime\sharedRuntime.cpp, line 605]
Event: 0.683 Thread 0x0000000019b1f000 Exception <a 'java/lang/ArrayIndexOutOfBoundsException'> (0x00000000d7b8d0c0) thrown at [C:\re\workspace\8-2-build-windows-amd64-cygwin\jdk8u231\13620\hotspot\src\share\vm\runtime\sharedRuntime.cpp, line 605]
Event: 0.684 Thread 0x0000000019b1f000 Exception <a 'java/lang/ArrayIndexOutOfBoundsException'> (0x00000000d7b8e8c0) thrown at [C:\re\workspace\8-2-build-windows-amd64-cygwin\jdk8u231\13620\hotspot\src\share\vm\runtime\sharedRuntime.cpp, line 605]
Event: 0.684 Thread 0x0000000019b1f000 Exception <a 'java/lang/ArrayIndexOutOfBoundsException'> (0x00000000d7b900c0) thrown at [C:\re\workspace\8-2-build-windows-amd64-cygwin\jdk8u231\13620\hotspot\src\share\vm\runtime\sharedRuntime.cpp, line 605]
Event: 0.684 Thread 0x0000000019b1f000 Exception <a 'java/lang/ArrayIndexOutOfBoundsException'> (0x00000000d7b918c0) thrown at [C:\re\workspace\8-2-build-windows-amd64-cygwin\jdk8u231\13620\hotspot\src\share\vm\runtime\sharedRuntime.cpp, line 605]
Event: 0.684 Thread 0x0000000019b1f000 Exception <a 'java/lang/ArrayIndexOutOfBoundsException'> (0x00000000d7b930c0) thrown at [C:\re\workspace\8-2-build-windows-amd64-cygwin\jdk8u231\13620\hotspot\src\share\vm\runtime\sharedRuntime.cpp, line 605]
Event: 0.684 Thread 0x0000000019b1f000 Exception <a 'java/lang/ArrayIndexOutOfBoundsException'> (0x00000000d7b94910) thrown at [C:\re\workspace\8-2-build-windows-amd64-cygwin\jdk8u231\13620\hotspot\src\share\vm\runtime\sharedRuntime.cpp, line 605]
Event: 0.684 Thread 0x0000000019b1f000 Exception <a 'java/lang/ArrayIndexOutOfBoundsException'> (0x00000000d7bad2c0) thrown at [C:\re\workspace\8-2-build-windows-amd64-cygwin\jdk8u231\13620\hotspot\src\share\vm\runtime\sharedRuntime.cpp, line 605]
Event: 0.684 Thread 0x0000000019b1f000 Exception <a 'java/lang/ArrayIndexOutOfBoundsException'> (0x00000000d7bc4d30) thrown at [C:\re\workspace\8-2-build-windows-amd64-cygwin\jdk8u231\13620\hotspot\src\share\vm\runtime\sharedRuntime.cpp, line 605]

Events (10 events):
Event: 0.686 loading class org/hibernate/validator/internal/constraintvalidators/bv/time/past/PastValidatorForJapaneseDate done
Event: 0.686 loading class org/hibernate/validator/internal/constraintvalidators/bv/time/past/PastValidatorForLocalDate
Event: 0.686 loading class org/hibernate/validator/internal/constraintvalidators/bv/time/past/PastValidatorForLocalDate done
Event: 0.686 loading class org/hibernate/validator/internal/constraintvalidators/bv/time/past/PastValidatorForLocalDateTime
Event: 0.686 loading class org/hibernate/validator/internal/constraintvalidators/bv/time/past/PastValidatorForLocalDateTime done
Event: 0.686 loading class org/hibernate/validator/internal/constraintvalidators/bv/time/past/PastValidatorForLocalTime
Event: 0.686 loading class org/hibernate/validator/internal/constraintvalidators/bv/time/past/PastValidatorForLocalTime done
Event: 0.687 loading class org/hibernate/validator/internal/constraintvalidators/bv/time/past/PastValidatorForMinguoDate
Event: 0.687 loading class org/hibernate/validator/internal/constraintvalidators/bv/time/past/PastValidatorForMinguoDate done
Event: 0.687 Executing VM operation: ParallelGCFailedAllocation


Dynamic libraries:
0x00007ff723c90000 - 0x00007ff723cc7000 	C:\Program Files\Java\jdk1.8.0_231\bin\javaw.exe
0x00007ffbefba0000 - 0x00007ffbefd4c000 	C:\Windows\SYSTEM32\ntdll.dll
0x00007ffbed790000 - 0x00007ffbed8ca000 	C:\Windows\system32\KERNEL32.DLL
0x00007ffbed190000 - 0x00007ffbed29f000 	C:\Windows\system32\KERNELBASE.dll
0x00007ffbead10000 - 0x00007ffbead98000 	C:\Windows\system32\apphelp.dll
0x00007ffbdef30000 - 0x00007ffbdef7f000 	C:\Windows\AppPatch\AppPatch64\AcGenral.DLL
0x00007ffbefaf0000 - 0x00007ffbefb97000 	C:\Windows\system32\msvcrt.dll
0x00007ffbecbc0000 - 0x00007ffbecbeb000 	C:\Windows\SYSTEM32\SspiCli.dll
0x00007ffbeef00000 - 0x00007ffbeef51000 	C:\Windows\system32\SHLWAPI.dll
0x00007ffbef6b0000 - 0x00007ffbef821000 	C:\Windows\system32\USER32.dll
0x00007ffbed410000 - 0x00007ffbed588000 	C:\Windows\system32\ole32.dll
0x00007ffbed8d0000 - 0x00007ffbeede8000 	C:\Windows\system32\SHELL32.dll
0x00007ffbebf90000 - 0x00007ffbebfae000 	C:\Windows\SYSTEM32\USERENV.dll
0x00007ffbeee50000 - 0x00007ffbeeef5000 	C:\Windows\system32\ADVAPI32.dll
0x00007ffbe0c80000 - 0x00007ffbe0c9b000 	C:\Windows\SYSTEM32\MPR.dll
0x00007ffbef390000 - 0x00007ffbef4c7000 	C:\Windows\system32\RPCRT4.dll
0x00007ffbeedf0000 - 0x00007ffbeee49000 	C:\Windows\SYSTEM32\sechost.dll
0x00007ffbef840000 - 0x00007ffbefa16000 	C:\Windows\SYSTEM32\combase.dll
0x00007ffbed590000 - 0x00007ffbed6d4000 	C:\Windows\system32\GDI32.dll
0x00007ffbecde0000 - 0x00007ffbecdf4000 	C:\Windows\SYSTEM32\profapi.dll
0x00007ffbec3a0000 - 0x00007ffbec452000 	C:\Windows\SYSTEM32\SHCORE.dll
0x00007ffbed3d0000 - 0x00007ffbed404000 	C:\Windows\system32\IMM32.DLL
0x00007ffbeef70000 - 0x00007ffbef0c2000 	C:\Windows\system32\MSCTF.dll
0x00007ffbec6d0000 - 0x00007ffbec92a000 	C:\Windows\WinSxS\amd64_microsoft.windows.common-controls_6595b64144ccf1df_6.0.9600.17031_none_6242a4b3ecbb55a1\COMCTL32.dll
0x000000005eb90000 - 0x000000005ec62000 	C:\Program Files\Java\jdk1.8.0_231\jre\bin\msvcr100.dll
0x000000005e2e0000 - 0x000000005eb86000 	C:\Program Files\Java\jdk1.8.0_231\jre\bin\server\jvm.dll
0x00007ffbd2f60000 - 0x00007ffbd2f69000 	C:\Windows\SYSTEM32\WSOCK32.dll
0x00007ffbe7320000 - 0x00007ffbe733f000 	C:\Windows\SYSTEM32\WINMM.dll
0x00007ffbebbf0000 - 0x00007ffbebbfa000 	C:\Windows\SYSTEM32\VERSION.dll
0x00007ffbeef60000 - 0x00007ffbeef67000 	C:\Windows\system32\PSAPI.DLL
0x00007ffbef270000 - 0x00007ffbef2c8000 	C:\Windows\system32\WS2_32.dll
0x00007ffbe72f0000 - 0x00007ffbe731a000 	C:\Windows\SYSTEM32\WINMMBASE.dll
0x00007ffbed3c0000 - 0x00007ffbed3c9000 	C:\Windows\system32\NSI.dll
0x00007ffbed2a0000 - 0x00007ffbed2ea000 	C:\Windows\SYSTEM32\cfgmgr32.dll
0x00007ffbeaf80000 - 0x00007ffbeafa6000 	C:\Windows\SYSTEM32\DEVOBJ.dll
0x00007ffbe5af0000 - 0x00007ffbe5aff000 	C:\Program Files\Java\jdk1.8.0_231\jre\bin\verify.dll
0x00007ffbe5300000 - 0x00007ffbe5329000 	C:\Program Files\Java\jdk1.8.0_231\jre\bin\java.dll
0x00007ffbe3ae0000 - 0x00007ffbe3af6000 	C:\Program Files\Java\jdk1.8.0_231\jre\bin\zip.dll
0x00007ffbe5ae0000 - 0x00007ffbe5aed000 	C:\Program Files\Java\jdk1.8.0_231\jre\bin\management.dll
0x00007ffbdee70000 - 0x00007ffbdee8a000 	C:\Program Files\Java\jdk1.8.0_231\jre\bin\net.dll
0x00007ffbec1e0000 - 0x00007ffbec238000 	C:\Windows\system32\mswsock.dll
0x00007ffbdee50000 - 0x00007ffbdee62000 	C:\Program Files\Java\jdk1.8.0_231\jre\bin\nio.dll
0x00007ffbe28d0000 - 0x00007ffbe28e4000 	C:\Windows\system32\napinsp.dll
0x00007ffbe28a0000 - 0x00007ffbe28b9000 	C:\Windows\system32\pnrpnsp.dll
0x00007ffbe8790000 - 0x00007ffbe87ab000 	C:\Windows\system32\NLAapi.dll
0x00007ffbebff0000 - 0x00007ffbec093000 	C:\Windows\SYSTEM32\DNSAPI.dll
0x00007ffbe2890000 - 0x00007ffbe289c000 	C:\Windows\System32\winrnr.dll
0x00007ffbe2870000 - 0x00007ffbe2883000 	C:\Windows\system32\wshbth.dll
0x00007ffbe39f0000 - 0x00007ffbe39f9000 	C:\Windows\System32\rasadhlp.dll
0x00007ffbe7020000 - 0x00007ffbe7049000 	C:\Windows\SYSTEM32\IPHLPAPI.DLL
0x00007ffbe7000000 - 0x00007ffbe700a000 	C:\Windows\SYSTEM32\WINNSI.DLL
0x00007ffbe5dd0000 - 0x00007ffbe5e38000 	C:\Windows\System32\fwpuclnt.dll
0x00007ffbec240000 - 0x00007ffbec25e000 	C:\Windows\SYSTEM32\CRYPTSP.dll
0x00007ffbebe80000 - 0x00007ffbebeb5000 	C:\Windows\system32\rsaenh.dll
0x00007ffbec560000 - 0x00007ffbec586000 	C:\Windows\SYSTEM32\bcrypt.dll
0x00007ffbecbf0000 - 0x00007ffbecc50000 	C:\Windows\system32\bcryptprimitives.dll
0x00007ffbecc50000 - 0x00007ffbecc5a000 	C:\Windows\SYSTEM32\CRYPTBASE.dll
0x00007ffbe5ba0000 - 0x00007ffbe5bb4000 	C:\Windows\SYSTEM32\dhcpcsvc6.DLL
0x00007ffbe6780000 - 0x00007ffbe6799000 	C:\Windows\SYSTEM32\dhcpcsvc.DLL
0x00007ffbcebd0000 - 0x00007ffbced58000 	C:\Windows\SYSTEM32\dbghelp.dll

VM Arguments:
jvm_args: -Dcom.sun.management.jmxremote -Dcom.sun.management.jmxremote.port=64129 -Dcom.sun.management.jmxremote.authenticate=false -Dcom.sun.management.jmxremote.ssl=false -Djava.rmi.server.hostname=localhost -Dspring.jmx.enabled=true -Dspring.liveBeansView.mbeanDomain -Dspring.application.admin.enabled=true -Xverify:none -XX:TieredStopAtLevel=1 -Dfile.encoding=UTF-8 
java_command: com.example.demo.PurchaseOrderApplication
java_class_path (initial): D:\JAVA\purchase_order\target\classes;C:\Program Files\apache-tomcat-8.5.47\lib\annotations-api.jar;C:\Program Files\apache-tomcat-8.5.47\lib\catalina-ant.jar;C:\Program Files\apache-tomcat-8.5.47\lib\catalina-ha.jar;C:\Program Files\apache-tomcat-8.5.47\lib\catalina-storeconfig.jar;C:\Program Files\apache-tomcat-8.5.47\lib\catalina-tribes.jar;C:\Program Files\apache-tomcat-8.5.47\lib\catalina.jar;C:\Program Files\apache-tomcat-8.5.47\lib\ecj-4.6.3.jar;C:\Program Files\apache-tomcat-8.5.47\lib\el-api.jar;C:\Program Files\apache-tomcat-8.5.47\lib\jasper-el.jar;C:\Program Files\apache-tomcat-8.5.47\lib\jasper.jar;C:\Program Files\apache-tomcat-8.5.47\lib\jaspic-api.jar;C:\Program Files\apache-tomcat-8.5.47\lib\jsp-api.jar;C:\Program Files\apache-tomcat-8.5.47\lib\servlet-api.jar;C:\Program Files\apache-tomcat-8.5.47\lib\tomcat-api.jar;C:\Program Files\apache-tomcat-8.5.47\lib\tomcat-coyote.jar;C:\Program Files\apache-tomcat-8.5.47\lib\tomcat-dbcp.jar;C:\Program Files\apache-tomcat-8.5.47\lib\tomcat-i18n-de.jar;C:\Program Files\apache-tomcat-8.5.47\lib\tomcat-i18n-es.jar;C:\Program Files\apache-tomcat-8.5.47\lib\tomcat-i18n-fr.jar;C:\Program Files\apache-tomcat-8.5.47\lib\tomcat-i18n-ja.jar;C:\Program Files\apache-tomcat-8.5.47\lib\tomcat-i18n-ko.jar;C:\Program Files\apache-tomcat-8.5.47\lib\tomcat-i18n-ru.jar;C:\Program Files\apache-tomcat-8.5.47\lib\tomcat-i18n-zh-CN.jar;C:\Program Files\apache-tomcat-8.5.47\lib\tomcat-jdbc.jar;C:\Program Files\apache-tomcat-8.5.47\lib\tomcat-jni.jar;C:\Program Files\apache-tomcat-8.5.47\lib\tomcat-util-scan.jar;C:\Program Files\apache-tomcat-8.5.47\lib\tomcat-util.jar;C:\Program Files\apache-tomcat-8.5.47\lib\tomcat-websocket.jar;C:\Program Files\apache-tomcat-8.5.47\lib\websocket-api.jar;C:\Users\SLTECHKNOW_2\.m2\repository\org\springframework\boot\spring-boot-starter-data-jpa\2.0.5.RELEASE\spring-boot-starter-data-jpa-2.0.5.RELEASE.jar;C:\Users\SLTECHKNOW_2\.m2\repository\org\springframework\boot\sprin
Launcher Type: SUN_STANDARD

Environment Variables:
JAVA_HOME=C:\Program Files\Java\jdk1.8.0_231
PATH=C:/Program Files/Java/jre1.8.0_231/bin/server;C:/Program Files/Java/jre1.8.0_231/bin;C:/Program Files/Java/jre1.8.0_231/lib/amd64;C:\Program Files (x86)\Common Files\Oracle\Java\javapath;C:\ProgramData\Oracle\Java\javapath;c:\Program Files (x86)\Intel\iCLS Client\;c:\Program Files\Intel\iCLS Client\;C:\Windows\system32;C:\Windows;C:\Windows\System32\Wbem;C:\Windows\System32\WindowsPowerShell\v1.0\;C:\Program Files\Intel\Intel(R) Management Engine Components\DAL;C:\Program Files\Intel\Intel(R) Management Engine Components\IPT;C:\Program Files (x86)\Intel\Intel(R) Management Engine Components\DAL;C:\Program Files (x86)\Intel\Intel(R) Management Engine Components\IPT;C:\Program Files (x86)\CrSSL\bin;C:\Program Files (x86)\CrSSL\bin;C:\Program Files (x86)\CrSSL\bin;C:\Program Files (x86)\CrSSL\bin;C:\Program Files\Java\jdk1.8.0_231\bin;C:\Program Files\apache-maven-3.6.2\bin;C:\Program Files (x86)\Sophos\Sophos SSL VPN Client\bin;C:\Users\SLTECHKNOW_2\Downloads\eclipse-jee-2019-09-R-win32-x86_64\eclipse;
USERNAME=SLTECHKNOW_2
OS=Windows_NT
PROCESSOR_IDENTIFIER=Intel64 Family 6 Model 60 Stepping 3, GenuineIntel



---------------  S Y S T E M  ---------------

OS: Windows 8.1 , 64 bit Build 9600 (6.3.9600.17056)

CPU:total 4 (initial active 4) (2 cores per cpu, 2 threads per core) family 6 model 60 stepping 3, cmov, cx8, fxsr, mmx, sse, sse2, sse3, ssse3, sse4.1, sse4.2, popcnt, avx, avx2, aes, clmul, erms, lzcnt, ht, tsc, tscinvbit, bmi1, bmi2

Memory: 4k page, physical 8303552k(2070976k free), swap 16692160k(8742380k free)

vm_info: Java HotSpot(TM) 64-Bit Server VM (25.231-b11) for windows-amd64 JRE (1.8.0_231-b11), built on Oct  5 2019 03:11:30 by "java_re" with MS VC++ 10.0 (VS2010)

time: Fri Nov 08 14:33:56 2019
timezone: India Standard Time
elapsed time: 0 seconds (0d 0h 0m 0s)

