#
# A fatal error has been detected by the Java Runtime Environment:
#
#  EXCEPTION_ACCESS_VIOLATION (0xc0000005) at pc=0x000000005e426c03, pid=6992, tid=0x0000000000000234
#
# JRE version: Java(TM) SE Runtime Environment (8.0_231-b11) (build 1.8.0_231-b11)
# Java VM: Java HotSpot(TM) 64-Bit Server VM (25.231-b11 mixed mode windows-amd64 compressed oops)
# Problematic frame:
# V  [jvm.dll+0x146c03]
#
# Failed to write core dump. Minidumps are not enabled by default on client versions of Windows
#
# If you would like to submit a bug report, please visit:
#   http://bugreport.java.com/bugreport/crash.jsp
#

---------------  T H R E A D  ---------------

Current thread (0x0000000002de5800):  JavaThread "main" [_thread_in_vm, id=564, stack(0x0000000002ce0000,0x0000000002de0000)]

siginfo: ExceptionCode=0xc0000005, reading address 0x000000000000000c

Registers:
RAX=0x000000000000000c, RBX=0x0000000000000000, RCX=0x000000000000000c, RDX=0x0000000000000000
RSP=0x0000000002ddad00, RBP=0x0000000000000000, RSI=0x0000000002de5800, RDI=0x000000001bbd8ab0
R8 =0x0000000000000000, R9 =0x0000000000000000, R10=0x0000000000000000, R11=0x000000000335d9c8
R12=0x0000000000000000, R13=0x0000000002ddaf01, R14=0x0000000000000000, R15=0x0000000002ddaec8
RIP=0x000000005e426c03, EFLAGS=0x0000000000010202

Top of Stack: (sp=0x0000000002ddad00)
0x0000000002ddad00:   0000000002de5800 0000000002de62a0
0x0000000002ddad10:   0000000002de62b0 000000005e357f88
0x0000000002ddad20:   0000000000000000 000000005e425ebe
0x0000000002ddad30:   0000000002de5800 0000000000000000
0x0000000002ddad40:   0000000000000189 000000005e425d0c
0x0000000002ddad50:   0000000000000000 0000000002de59f8
0x0000000002ddad60:   0000000000000000 0000000002ddaeb0
0x0000000002ddad70:   0000000002ddadb0 00007ffbe53013fe
0x0000000002ddad80:   0000000000000000 0000000000000000
0x0000000002ddad90:   0000000000000000 0000000000000189
0x0000000002ddada0:   0000000002ddadb0 000000005e3db409
0x0000000002ddadb0:   00000000d5e2f980 0000000002de5800
0x0000000002ddadc0:   000000000000001b 0000000002ddaed0
0x0000000002ddadd0:   6c71732f6176616a 7463656e6e6f432f
0x0000000002ddade0:   00000000006e6f69 0000000002de5800
0x0000000002ddadf0:   0000000002de5800 000000005e37b46f 

Instructions: (pc=0x000000005e426c03)
0x000000005e426be3:   69 3c 66 00 eb 04 48 8b 14 38 40 38 2d dd 0d 6d
0x000000005e426bf3:   00 b9 0c 00 00 00 b8 10 00 00 00 0f 45 c1 48 98
0x000000005e426c03:   8b 0c 10 45 85 e4 0f 88 6b 01 00 00 85 db 0f 88
0x000000005e426c13:   63 01 00 00 2b cb 44 3b e1 0f 8f 58 01 00 00 85 


Register to memory mapping:

RAX=0x000000000000000c is an unknown value
RBX=0x0000000000000000 is an unknown value
RCX=0x000000000000000c is an unknown value
RDX=0x0000000000000000 is an unknown value
RSP=0x0000000002ddad00 is pointing into the stack for thread: 0x0000000002de5800
RBP=0x0000000000000000 is an unknown value
RSI=0x0000000002de5800 is a thread
RDI=0x000000001bbd8ab0 is an unknown value
R8 =0x0000000000000000 is an unknown value
R9 =0x0000000000000000 is an unknown value
R10=0x0000000000000000 is an unknown value
R11=0x000000000335d9c8 is at entry_point+-120 in (nmethod*)0x000000000335d8d0
R12=0x0000000000000000 is an unknown value
R13=0x0000000002ddaf01 is pointing into the stack for thread: 0x0000000002de5800
R14=0x0000000000000000 is an unknown value
R15=0x0000000002ddaec8 is pointing into the stack for thread: 0x0000000002de5800


Stack: [0x0000000002ce0000,0x0000000002de0000],  sp=0x0000000002ddad00,  free space=1003k
Native frames: (J=compiled Java code, j=interpreted, Vv=VM code, C=native code)

Java frames: (J=compiled Java code, j=interpreted, Vv=VM code)
J 687  java.lang.Class.forName0(Ljava/lang/String;ZLjava/lang/ClassLoader;Ljava/lang/Class;)Ljava/lang/Class; (0 bytes) @ 0x00000000030f72c7 [0x00000000030f7240+0x87]
J 2018 C1 java.lang.Class.forName(Ljava/lang/String;)Ljava/lang/Class; (15 bytes) @ 0x000000000335da94 [0x000000000335da40+0x54]
j  com.sun.proxy.$Proxy68.<clinit>()V+666
v  ~StubRoutines::call_stub
J 1100  sun.reflect.NativeConstructorAccessorImpl.newInstance0(Ljava/lang/reflect/Constructor;[Ljava/lang/Object;)Ljava/lang/Object; (0 bytes) @ 0x000000000318c0e6 [0x000000000318c080+0x66]
J 1099 C1 sun.reflect.NativeConstructorAccessorImpl.newInstance([Ljava/lang/Object;)Ljava/lang/Object; (89 bytes) @ 0x000000000318c7ec [0x000000000318c4a0+0x34c]
J 938 C1 sun.reflect.DelegatingConstructorAccessorImpl.newInstance([Ljava/lang/Object;)Ljava/lang/Object; (9 bytes) @ 0x000000000315af24 [0x000000000315aee0+0x44]
J 928 C1 java.lang.reflect.Constructor.newInstance([Ljava/lang/Object;)Ljava/lang/Object; (87 bytes) @ 0x0000000003156b9c [0x0000000003156a80+0x11c]
J 1381 C1 java.lang.reflect.Proxy.newProxyInstance(Ljava/lang/ClassLoader;[Ljava/lang/Class;Ljava/lang/reflect/InvocationHandler;)Ljava/lang/Object; (174 bytes) @ 0x00000000031f1c2c [0x00000000031f1900+0x32c]
j  com.zaxxer.hikari.pool.ProxyConnection$ClosedConnection.getClosedConnection()Ljava/sql/Connection;+21
j  com.zaxxer.hikari.pool.ProxyConnection$ClosedConnection.<clinit>()V+0
v  ~StubRoutines::call_stub
j  com.zaxxer.hikari.pool.ProxyConnection.close()V+8
j  org.springframework.jdbc.datasource.DataSourceUtils.doCloseConnection(Ljava/sql/Connection;Ljavax/sql/DataSource;)V+21
j  org.springframework.jdbc.datasource.DataSourceUtils.doReleaseConnection(Ljava/sql/Connection;Ljavax/sql/DataSource;)V+46
j  org.springframework.jdbc.datasource.DataSourceUtils.releaseConnection(Ljava/sql/Connection;Ljavax/sql/DataSource;)V+2
j  org.springframework.jdbc.support.JdbcUtils.extractDatabaseMetaData(Ljavax/sql/DataSource;Lorg/springframework/jdbc/support/DatabaseMetaDataCallback;)Ljava/lang/Object;+61
j  org.springframework.jdbc.support.JdbcUtils.extractDatabaseMetaData(Ljavax/sql/DataSource;Ljava/lang/String;)Ljava/lang/Object;+7
j  org.springframework.boot.autoconfigure.orm.jpa.DatabaseLookup.getDatabase(Ljavax/sql/DataSource;)Lorg/springframework/orm/jpa/vendor/Database;+11
j  org.springframework.boot.autoconfigure.orm.jpa.JpaProperties.determineDatabase(Ljavax/sql/DataSource;)Lorg/springframework/orm/jpa/vendor/Database;+13
j  org.springframework.boot.autoconfigure.orm.jpa.JpaBaseConfiguration.jpaVendorAdapter()Lorg/springframework/orm/jpa/JpaVendorAdapter;+25
j  org.springframework.boot.autoconfigure.orm.jpa.HibernateJpaConfiguration$$EnhancerBySpringCGLIB$$f4e2e6e.CGLIB$jpaVendorAdapter$6()Lorg/springframework/orm/jpa/JpaVendorAdapter;+1
j  org.springframework.boot.autoconfigure.orm.jpa.HibernateJpaConfiguration$$EnhancerBySpringCGLIB$$f4e2e6e$$FastClassBySpringCGLIB$$a7bf172a.invoke(ILjava/lang/Object;[Ljava/lang/Object;)Ljava/lang/Object;+256
j  org.springframework.cglib.proxy.MethodProxy.invokeSuper(Ljava/lang/Object;[Ljava/lang/Object;)Ljava/lang/Object;+19
j  org.springframework.context.annotation.ConfigurationClassEnhancer$BeanMethodInterceptor.intercept(Ljava/lang/Object;Ljava/lang/reflect/Method;[Ljava/lang/Object;Lorg/springframework/cglib/proxy/MethodProxy;)Ljava/lang/Object;+229
j  org.springframework.boot.autoconfigure.orm.jpa.HibernateJpaConfiguration$$EnhancerBySpringCGLIB$$f4e2e6e.jpaVendorAdapter()Lorg/springframework/orm/jpa/JpaVendorAdapter;+31
v  ~StubRoutines::call_stub
J 1978  sun.reflect.NativeMethodAccessorImpl.invoke0(Ljava/lang/reflect/Method;Ljava/lang/Object;[Ljava/lang/Object;)Ljava/lang/Object; (0 bytes) @ 0x000000000334987f [0x0000000003349800+0x7f]
J 1509 C1 sun.reflect.NativeMethodAccessorImpl.invoke(Ljava/lang/Object;[Ljava/lang/Object;)Ljava/lang/Object; (104 bytes) @ 0x000000000322b15c [0x000000000322ade0+0x37c]
J 918 C1 sun.reflect.DelegatingMethodAccessorImpl.invoke(Ljava/lang/Object;[Ljava/lang/Object;)Ljava/lang/Object; (10 bytes) @ 0x00000000031542a4 [0x0000000003154260+0x44]
J 917 C1 java.lang.reflect.Method.invoke(Ljava/lang/Object;[Ljava/lang/Object;)Ljava/lang/Object; (62 bytes) @ 0x0000000003152fd4 [0x0000000003152ee0+0xf4]
j  org.springframework.beans.factory.support.SimpleInstantiationStrategy.instantiate(Lorg/springframework/beans/factory/support/RootBeanDefinition;Ljava/lang/String;Lorg/springframework/beans/factory/BeanFactory;Ljava/lang/Object;Ljava/lang/reflect/Method;[Ljava/lang/Object;)Ljava/lang/Object;+50
j  org.springframework.beans.factory.support.ConstructorResolver.instantiateUsingFactoryMethod(Ljava/lang/String;Lorg/springframework/beans/factory/support/RootBeanDefinition;[Ljava/lang/Object;)Lorg/springframework/beans/BeanWrapper;+1390
j  org.springframework.beans.factory.support.AbstractAutowireCapableBeanFactory.instantiateUsingFactoryMethod(Ljava/lang/String;Lorg/springframework/beans/factory/support/RootBeanDefinition;[Ljava/lang/Object;)Lorg/springframework/beans/BeanWrapper;+11
j  org.springframework.beans.factory.support.AbstractAutowireCapableBeanFactory.createBeanInstance(Ljava/lang/String;Lorg/springframework/beans/factory/support/RootBeanDefinition;[Ljava/lang/Object;)Lorg/springframework/beans/BeanWrapper;+101
j  org.springframework.beans.factory.support.AbstractAutowireCapableBeanFactory.doCreateBean(Ljava/lang/String;Lorg/springframework/beans/factory/support/RootBeanDefinition;[Ljava/lang/Object;)Ljava/lang/Object;+34
j  org.springframework.beans.factory.support.AbstractAutowireCapableBeanFactory.createBean(Ljava/lang/String;Lorg/springframework/beans/factory/support/RootBeanDefinition;[Ljava/lang/Object;)Ljava/lang/Object;+169
j  org.springframework.beans.factory.support.AbstractBeanFactory.lambda$doGetBean$0(Ljava/lang/String;Lorg/springframework/beans/factory/support/RootBeanDefinition;[Ljava/lang/Object;)Ljava/lang/Object;+4
j  org.springframework.beans.factory.support.AbstractBeanFactory$$Lambda$99.getObject()Ljava/lang/Object;+16
j  org.springframework.beans.factory.support.DefaultSingletonBeanRegistry.getSingleton(Ljava/lang/String;Lorg/springframework/beans/factory/ObjectFactory;)Ljava/lang/Object;+132
J 2008 C1 org.springframework.beans.factory.support.AbstractBeanFactory.doGetBean(Ljava/lang/String;Ljava/lang/Class;[Ljava/lang/Object;Z)Ljava/lang/Object; (819 bytes) @ 0x0000000003353c4c [0x0000000003353680+0x5cc]
j  org.springframework.beans.factory.support.AbstractBeanFactory.getBean(Ljava/lang/String;)Ljava/lang/Object;+5
j  org.springframework.beans.factory.config.DependencyDescriptor.resolveCandidate(Ljava/lang/String;Ljava/lang/Class;Lorg/springframework/beans/factory/BeanFactory;)Ljava/lang/Object;+2
j  org.springframework.beans.factory.support.DefaultListableBeanFactory.doResolveDependency(Lorg/springframework/beans/factory/config/DependencyDescriptor;Ljava/lang/String;Ljava/util/Set;Lorg/springframework/beans/TypeConverter;)Ljava/lang/Object;+410
j  org.springframework.beans.factory.support.DefaultListableBeanFactory.resolveDependency(Lorg/springframework/beans/factory/config/DependencyDescriptor;Ljava/lang/String;Ljava/util/Set;Lorg/springframework/beans/TypeConverter;)Ljava/lang/Object;+106
j  org.springframework.beans.factory.support.ConstructorResolver.resolveAutowiredArgument(Lorg/springframework/core/MethodParameter;Ljava/lang/String;Ljava/util/Set;Lorg/springframework/beans/TypeConverter;)Ljava/lang/Object;+75
j  org.springframework.beans.factory.support.ConstructorResolver.createArgumentArray(Ljava/lang/String;Lorg/springframework/beans/factory/support/RootBeanDefinition;Lorg/springframework/beans/factory/config/ConstructorArgumentValues;Lorg/springframework/beans/BeanWrapper;[Ljava/lang/Class;[Ljava/lang/String;Ljava/lang/reflect/Executable;Z)Lorg/springframework/beans/factory/support/ConstructorResolver$ArgumentsHolder;+432
j  org.springframework.beans.factory.support.ConstructorResolver.instantiateUsingFactoryMethod(Ljava/lang/String;Lorg/springframework/beans/factory/support/RootBeanDefinition;[Ljava/lang/Object;)Lorg/springframework/beans/BeanWrapper;+551
j  org.springframework.beans.factory.support.AbstractAutowireCapableBeanFactory.instantiateUsingFactoryMethod(Ljava/lang/String;Lorg/springframework/beans/factory/support/RootBeanDefinition;[Ljava/lang/Object;)Lorg/springframework/beans/BeanWrapper;+11
j  org.springframework.beans.factory.support.AbstractAutowireCapableBeanFactory.createBeanInstance(Ljava/lang/String;Lorg/springframework/beans/factory/support/RootBeanDefinition;[Ljava/lang/Object;)Lorg/springframework/beans/BeanWrapper;+101
j  org.springframework.beans.factory.support.AbstractAutowireCapableBeanFactory.doCreateBean(Ljava/lang/String;Lorg/springframework/beans/factory/support/RootBeanDefinition;[Ljava/lang/Object;)Ljava/lang/Object;+34
j  org.springframework.beans.factory.support.AbstractAutowireCapableBeanFactory.createBean(Ljava/lang/String;Lorg/springframework/beans/factory/support/RootBeanDefinition;[Ljava/lang/Object;)Ljava/lang/Object;+169
j  org.springframework.beans.factory.support.AbstractBeanFactory.lambda$doGetBean$0(Ljava/lang/String;Lorg/springframework/beans/factory/support/RootBeanDefinition;[Ljava/lang/Object;)Ljava/lang/Object;+4
j  org.springframework.beans.factory.support.AbstractBeanFactory$$Lambda$99.getObject()Ljava/lang/Object;+16
j  org.springframework.beans.factory.support.DefaultSingletonBeanRegistry.getSingleton(Ljava/lang/String;Lorg/springframework/beans/factory/ObjectFactory;)Ljava/lang/Object;+132
J 2008 C1 org.springframework.beans.factory.support.AbstractBeanFactory.doGetBean(Ljava/lang/String;Ljava/lang/Class;[Ljava/lang/Object;Z)Ljava/lang/Object; (819 bytes) @ 0x0000000003353c4c [0x0000000003353680+0x5cc]
j  org.springframework.beans.factory.support.AbstractBeanFactory.getBean(Ljava/lang/String;)Ljava/lang/Object;+5
j  org.springframework.beans.factory.config.DependencyDescriptor.resolveCandidate(Ljava/lang/String;Ljava/lang/Class;Lorg/springframework/beans/factory/BeanFactory;)Ljava/lang/Object;+2
j  org.springframework.beans.factory.support.DefaultListableBeanFactory.doResolveDependency(Lorg/springframework/beans/factory/config/DependencyDescriptor;Ljava/lang/String;Ljava/util/Set;Lorg/springframework/beans/TypeConverter;)Ljava/lang/Object;+410
j  org.springframework.beans.factory.support.DefaultListableBeanFactory.resolveDependency(Lorg/springframework/beans/factory/config/DependencyDescriptor;Ljava/lang/String;Ljava/util/Set;Lorg/springframework/beans/TypeConverter;)Ljava/lang/Object;+106
j  org.springframework.beans.factory.support.ConstructorResolver.resolveAutowiredArgument(Lorg/springframework/core/MethodParameter;Ljava/lang/String;Ljava/util/Set;Lorg/springframework/beans/TypeConverter;)Ljava/lang/Object;+75
j  org.springframework.beans.factory.support.ConstructorResolver.createArgumentArray(Ljava/lang/String;Lorg/springframework/beans/factory/support/RootBeanDefinition;Lorg/springframework/beans/factory/config/ConstructorArgumentValues;Lorg/springframework/beans/BeanWrapper;[Ljava/lang/Class;[Ljava/lang/String;Ljava/lang/reflect/Executable;Z)Lorg/springframework/beans/factory/support/ConstructorResolver$ArgumentsHolder;+432
j  org.springframework.beans.factory.support.ConstructorResolver.instantiateUsingFactoryMethod(Ljava/lang/String;Lorg/springframework/beans/factory/support/RootBeanDefinition;[Ljava/lang/Object;)Lorg/springframework/beans/BeanWrapper;+551
j  org.springframework.beans.factory.support.AbstractAutowireCapableBeanFactory.instantiateUsingFactoryMethod(Ljava/lang/String;Lorg/springframework/beans/factory/support/RootBeanDefinition;[Ljava/lang/Object;)Lorg/springframework/beans/BeanWrapper;+11
j  org.springframework.beans.factory.support.AbstractAutowireCapableBeanFactory.createBeanInstance(Ljava/lang/String;Lorg/springframework/beans/factory/support/RootBeanDefinition;[Ljava/lang/Object;)Lorg/springframework/beans/BeanWrapper;+101
j  org.springframework.beans.factory.support.AbstractAutowireCapableBeanFactory.doCreateBean(Ljava/lang/String;Lorg/springframework/beans/factory/support/RootBeanDefinition;[Ljava/lang/Object;)Ljava/lang/Object;+34
j  org.springframework.beans.factory.support.AbstractAutowireCapableBeanFactory.createBean(Ljava/lang/String;Lorg/springframework/beans/factory/support/RootBeanDefinition;[Ljava/lang/Object;)Ljava/lang/Object;+169
j  org.springframework.beans.factory.support.AbstractBeanFactory.lambda$doGetBean$0(Ljava/lang/String;Lorg/springframework/beans/factory/support/RootBeanDefinition;[Ljava/lang/Object;)Ljava/lang/Object;+4
j  org.springframework.beans.factory.support.AbstractBeanFactory$$Lambda$99.getObject()Ljava/lang/Object;+16
j  org.springframework.beans.factory.support.DefaultSingletonBeanRegistry.getSingleton(Ljava/lang/String;Lorg/springframework/beans/factory/ObjectFactory;)Ljava/lang/Object;+132
J 2008 C1 org.springframework.beans.factory.support.AbstractBeanFactory.doGetBean(Ljava/lang/String;Ljava/lang/Class;[Ljava/lang/Object;Z)Ljava/lang/Object; (819 bytes) @ 0x0000000003353c4c [0x0000000003353680+0x5cc]
j  org.springframework.beans.factory.support.AbstractBeanFactory.getBean(Ljava/lang/String;)Ljava/lang/Object;+5
j  org.springframework.context.support.AbstractApplicationContext.getBean(Ljava/lang/String;)Ljava/lang/Object;+9
j  org.springframework.context.support.AbstractApplicationContext.finishBeanFactoryInitialization(Lorg/springframework/beans/factory/config/ConfigurableListableBeanFactory;)V+100
j  org.springframework.context.support.AbstractApplicationContext.refresh()V+54
j  org.springframework.boot.web.servlet.context.ServletWebServerApplicationContext.refresh()V+1
j  org.springframework.boot.SpringApplication.refresh(Lorg/springframework/context/ApplicationContext;)V+10
j  org.springframework.boot.SpringApplication.refreshContext(Lorg/springframework/context/ConfigurableApplicationContext;)V+2
j  org.springframework.boot.SpringApplication.run([Ljava/lang/String;)Lorg/springframework/context/ConfigurableApplicationContext;+118
j  org.springframework.boot.SpringApplication.run([Ljava/lang/Class;[Ljava/lang/String;)Lorg/springframework/context/ConfigurableApplicationContext;+9
j  org.springframework.boot.SpringApplication.run(Ljava/lang/Class;[Ljava/lang/String;)Lorg/springframework/context/ConfigurableApplicationContext;+9
j  com.example.demo.PurchaseOrderApplication.main([Ljava/lang/String;)V+3
v  ~StubRoutines::call_stub

---------------  P R O C E S S  ---------------

Java Threads: ( => current thread )
  0x000000001968b000 JavaThread "HikariPool-1 housekeeper" daemon [_thread_blocked, id=8724, stack(0x000000001da60000,0x000000001db60000)]
  0x000000001c145000 JavaThread "Abandoned connection cleanup thread" daemon [_thread_blocked, id=4580, stack(0x000000001d460000,0x000000001d560000)]
  0x000000001c0fb000 JavaThread "container-0" [_thread_blocked, id=12248, stack(0x000000001d160000,0x000000001d260000)]
  0x000000001c0f8800 JavaThread "ContainerBackgroundProcessor[StandardEngine[Tomcat]]" daemon [_thread_blocked, id=7720, stack(0x000000001d060000,0x000000001d160000)]
  0x000000001bfb5800 JavaThread "localhost-startStop-1" daemon [_thread_blocked, id=3360, stack(0x000000001cf60000,0x000000001d060000)]
  0x000000001bfba800 JavaThread "Tomcat-startStop-1" daemon [_thread_blocked, id=10604, stack(0x000000001ae90000,0x000000001af90000)]
  0x0000000019f8c000 JavaThread "RMI TCP Accept-0" daemon [_thread_in_native, id=6308, stack(0x000000001a6c0000,0x000000001a7c0000)]
  0x0000000019f88800 JavaThread "RMI TCP Accept-64132" daemon [_thread_in_native, id=10276, stack(0x000000001a5c0000,0x000000001a6c0000)]
  0x0000000019f7f000 JavaThread "RMI TCP Accept-0" daemon [_thread_in_native, id=8472, stack(0x000000001a4c0000,0x000000001a5c0000)]
  0x0000000019520000 JavaThread "Service Thread" daemon [_thread_blocked, id=4584, stack(0x00000000198e0000,0x00000000199e0000)]
  0x0000000017a73800 JavaThread "C1 CompilerThread2" daemon [_thread_blocked, id=4788, stack(0x00000000193e0000,0x00000000194e0000)]
  0x0000000017a69000 JavaThread "C2 CompilerThread1" daemon [_thread_blocked, id=11484, stack(0x00000000192e0000,0x00000000193e0000)]
  0x0000000017a5e800 JavaThread "C2 CompilerThread0" daemon [_thread_blocked, id=6380, stack(0x00000000191e0000,0x00000000192e0000)]
  0x0000000017a5d000 JavaThread "Attach Listener" daemon [_thread_blocked, id=7548, stack(0x00000000190e0000,0x00000000191e0000)]
  0x0000000017a5b800 JavaThread "Signal Dispatcher" daemon [_thread_blocked, id=2284, stack(0x0000000018fe0000,0x00000000190e0000)]
  0x0000000017a3d800 JavaThread "Finalizer" daemon [_thread_blocked, id=3052, stack(0x0000000018cb0000,0x0000000018db0000)]
  0x0000000002ed7000 JavaThread "Reference Handler" daemon [_thread_blocked, id=10228, stack(0x0000000018bb0000,0x0000000018cb0000)]
=>0x0000000002de5800 JavaThread "main" [_thread_in_vm, id=564, stack(0x0000000002ce0000,0x0000000002de0000)]

Other Threads:
  0x0000000017a17800 VMThread [stack: 0x0000000018ab0000,0x0000000018bb0000] [id=6464]
  0x0000000019f8e000 WatcherThread [stack: 0x000000001a7c0000,0x000000001a8c0000] [id=5900]

VM state:not at safepoint (normal execution)

VM Mutex/Monitor currently owned by a thread: None

heap address: 0x0000000081400000, size: 2028 MB, Compressed Oops mode: 32-bit
Narrow klass base: 0x0000000000000000, Narrow klass shift: 3
Compressed class space size: 1073741824 Address: 0x0000000100000000

Heap:
 PSYoungGen      total 199680K, used 4826K [0x00000000d5c00000, 0x00000000e4680000, 0x0000000100000000)
  eden space 188416K, 2% used [0x00000000d5c00000,0x00000000d60b6ab0,0x00000000e1400000)
  from space 11264K, 0% used [0x00000000e2280000,0x00000000e2280000,0x00000000e2d80000)
  to   space 14848K, 0% used [0x00000000e1400000,0x00000000e1400000,0x00000000e2280000)
 ParOldGen       total 83968K, used 20234K [0x0000000081400000, 0x0000000086600000, 0x00000000d5c00000)
  object space 83968K, 24% used [0x0000000081400000,0x00000000827c2b30,0x0000000086600000)
 Metaspace       used 34573K, capacity 36092K, committed 36352K, reserved 1081344K
  class space    used 4523K, capacity 4853K, committed 4864K, reserved 1048576K

Card table byte_map: [0x00000000122a0000,0x00000000126a0000] byte_map_base: 0x0000000011e96000

Marking Bits: (ParMarkBitMap*) 0x000000005eb06d90
 Begin Bits: [0x0000000012d50000, 0x0000000014d00000)
 End Bits:   [0x0000000014d00000, 0x0000000016cb0000)

Polling page: 0x0000000001350000

CodeCache: size=245760Kb used=7531Kb max_used=7531Kb free=238228Kb
 bounds [0x0000000002ee0000, 0x0000000003640000, 0x0000000011ee0000]
 total_blobs=4052 nmethods=3540 adapters=424
 compilation: enabled

Compilation events (10 events):
Event: 2.350 Thread 0x0000000017a73800 nmethod 3535 0x0000000003632f50 code [0x00000000036330c0, 0x00000000036332a8]
Event: 2.350 Thread 0x0000000017a73800 3536       1       java.nio.charset.CharsetDecoder::implOnMalformedInput (1 bytes)
Event: 2.350 Thread 0x0000000017a73800 nmethod 3536 0x0000000003633350 code [0x00000000036334a0, 0x00000000036335b0]
Event: 2.350 Thread 0x0000000017a73800 3537       1       java.lang.Character::isDigit (15 bytes)
Event: 2.350 Thread 0x0000000017a73800 nmethod 3537 0x0000000003633610 code [0x0000000003633780, 0x00000000036338d8]
Event: 2.351 Thread 0x0000000017a73800 3538  s    1       sun.security.ssl.SSLSocketImpl::getConnectionState (5 bytes)
Event: 2.351 Thread 0x0000000017a73800 nmethod 3538 0x0000000003633990 code [0x0000000003633ae0, 0x0000000003633d50]
Event: 2.352 Thread 0x0000000017a73800 3539       1       com.mysql.jdbc.Buffer::getPosition (5 bytes)
Event: 2.352 Thread 0x0000000017a73800 nmethod 3539 0x0000000003633dd0 code [0x0000000003633f20, 0x0000000003634030]
Event: 2.363 Thread 0x0000000017a73800 3540       1       sun.misc.ProxyGenerator$ProxyMethod::generateMethod (733 bytes)

GC Heap History (10 events):
Event: 0.814 GC heap before
{Heap before GC invocations=6 (full 1):
 PSYoungGen      total 71680K, used 5106K [0x00000000d5c00000, 0x00000000def00000, 0x0000000100000000)
  eden space 66560K, 0% used [0x00000000d5c00000,0x00000000d5c00000,0x00000000d9d00000)
  from space 5120K, 99% used [0x00000000d9d00000,0x00000000da1fc8f8,0x00000000da200000)
  to   space 8704K, 0% used [0x00000000de680000,0x00000000de680000,0x00000000def00000)
 ParOldGen       total 87552K, used 4600K [0x0000000081400000, 0x0000000086980000, 0x00000000d5c00000)
  object space 87552K, 5% used [0x0000000081400000,0x000000008187e240,0x0000000086980000)
 Metaspace       used 20682K, capacity 21200K, committed 21296K, reserved 1067008K
  class space    used 2742K, capacity 2901K, committed 2944K, reserved 1048576K
Event: 0.840 GC heap after
Heap after GC invocations=6 (full 1):
 PSYoungGen      total 71680K, used 0K [0x00000000d5c00000, 0x00000000def00000, 0x0000000100000000)
  eden space 66560K, 0% used [0x00000000d5c00000,0x00000000d5c00000,0x00000000d9d00000)
  from space 5120K, 0% used [0x00000000d9d00000,0x00000000d9d00000,0x00000000da200000)
  to   space 8704K, 0% used [0x00000000de680000,0x00000000de680000,0x00000000def00000)
 ParOldGen       total 49664K, used 5059K [0x0000000081400000, 0x0000000084480000, 0x00000000d5c00000)
  object space 49664K, 10% used [0x0000000081400000,0x00000000818f0d10,0x0000000084480000)
 Metaspace       used 20682K, capacity 21200K, committed 21296K, reserved 1067008K
  class space    used 2742K, capacity 2901K, committed 2944K, reserved 1048576K
}
Event: 1.055 GC heap before
{Heap before GC invocations=7 (full 1):
 PSYoungGen      total 71680K, used 66560K [0x00000000d5c00000, 0x00000000def00000, 0x0000000100000000)
  eden space 66560K, 100% used [0x00000000d5c00000,0x00000000d9d00000,0x00000000d9d00000)
  from space 5120K, 0% used [0x00000000d9d00000,0x00000000d9d00000,0x00000000da200000)
  to   space 8704K, 0% used [0x00000000de680000,0x00000000de680000,0x00000000def00000)
 ParOldGen       total 49664K, used 5059K [0x0000000081400000, 0x0000000084480000, 0x00000000d5c00000)
  object space 49664K, 10% used [0x0000000081400000,0x00000000818f0d10,0x0000000084480000)
 Metaspace       used 22203K, capacity 23002K, committed 23168K, reserved 1069056K
  class space    used 2959K, capacity 3158K, committed 3200K, reserved 1048576K
Event: 1.059 GC heap after
Heap after GC invocations=7 (full 1):
 PSYoungGen      total 118784K, used 4061K [0x00000000d5c00000, 0x00000000dea80000, 0x0000000100000000)
  eden space 114688K, 0% used [0x00000000d5c00000,0x00000000d5c00000,0x00000000dcc00000)
  from space 4096K, 99% used [0x00000000de680000,0x00000000dea77740,0x00000000dea80000)
  to   space 8704K, 0% used [0x00000000dd980000,0x00000000dd980000,0x00000000de200000)
 ParOldGen       total 49664K, used 5131K [0x0000000081400000, 0x0000000084480000, 0x00000000d5c00000)
  object space 49664K, 10% used [0x0000000081400000,0x0000000081902d20,0x0000000084480000)
 Metaspace       used 22203K, capacity 23002K, committed 23168K, reserved 1069056K
  class space    used 2959K, capacity 3158K, committed 3200K, reserved 1048576K
}
Event: 1.689 GC heap before
{Heap before GC invocations=8 (full 1):
 PSYoungGen      total 118784K, used 118749K [0x00000000d5c00000, 0x00000000dea80000, 0x0000000100000000)
  eden space 114688K, 100% used [0x00000000d5c00000,0x00000000dcc00000,0x00000000dcc00000)
  from space 4096K, 99% used [0x00000000de680000,0x00000000dea77740,0x00000000dea80000)
  to   space 8704K, 0% used [0x00000000dd980000,0x00000000dd980000,0x00000000de200000)
 ParOldGen       total 49664K, used 5131K [0x0000000081400000, 0x0000000084480000, 0x00000000d5c00000)
  object space 49664K, 10% used [0x0000000081400000,0x0000000081902d20,0x0000000084480000)
 Metaspace       used 28235K, capacity 29624K, committed 29696K, reserved 1075200K
  class space    used 3806K, capacity 4093K, committed 4096K, reserved 1048576K
Event: 1.699 GC heap after
Heap after GC invocations=8 (full 1):
 PSYoungGen      total 137216K, used 8691K [0x00000000d5c00000, 0x00000000e2d80000, 0x0000000100000000)
  eden space 128512K, 0% used [0x00000000d5c00000,0x00000000d5c00000,0x00000000dd980000)
  from space 8704K, 99% used [0x00000000dd980000,0x00000000de1fccb0,0x00000000de200000)
  to   space 11264K, 0% used [0x00000000e2280000,0x00000000e2280000,0x00000000e2d80000)
 ParOldGen       total 49664K, used 8629K [0x0000000081400000, 0x0000000084480000, 0x00000000d5c00000)
  object space 49664K, 17% used [0x0000000081400000,0x0000000081c6d758,0x0000000084480000)
 Metaspace       used 28235K, capacity 29624K, committed 29696K, reserved 1075200K
  class space    used 3806K, capacity 4093K, committed 4096K, reserved 1048576K
}
Event: 2.203 GC heap before
{Heap before GC invocations=9 (full 1):
 PSYoungGen      total 137216K, used 106879K [0x00000000d5c00000, 0x00000000e2d80000, 0x0000000100000000)
  eden space 128512K, 76% used [0x00000000d5c00000,0x00000000dbbe31d8,0x00000000dd980000)
  from space 8704K, 99% used [0x00000000dd980000,0x00000000de1fccb0,0x00000000de200000)
  to   space 11264K, 0% used [0x00000000e2280000,0x00000000e2280000,0x00000000e2d80000)
 ParOldGen       total 49664K, used 8629K [0x0000000081400000, 0x0000000084480000, 0x00000000d5c00000)
  object space 49664K, 17% used [0x0000000081400000,0x0000000081c6d758,0x0000000084480000)
 Metaspace       used 33896K, capacity 35346K, committed 35496K, reserved 1079296K
  class space    used 4453K, capacity 4754K, committed 4864K, reserved 1048576K
Event: 2.217 GC heap after
Heap after GC invocations=9 (full 1):
 PSYoungGen      total 199680K, used 11254K [0x00000000d5c00000, 0x00000000e4680000, 0x0000000100000000)
  eden space 188416K, 0% used [0x00000000d5c00000,0x00000000d5c00000,0x00000000e1400000)
  from space 11264K, 99% used [0x00000000e2280000,0x00000000e2d7d950,0x00000000e2d80000)
  to   space 14848K, 0% used [0x00000000e1400000,0x00000000e1400000,0x00000000e2280000)
 ParOldGen       total 49664K, used 12882K [0x0000000081400000, 0x0000000084480000, 0x00000000d5c00000)
  object space 49664K, 25% used [0x0000000081400000,0x0000000082094938,0x0000000084480000)
 Metaspace       used 33896K, capacity 35346K, committed 35496K, reserved 1079296K
  class space    used 4453K, capacity 4754K, committed 4864K, reserved 1048576K
}
Event: 2.217 GC heap before
{Heap before GC invocations=10 (full 2):
 PSYoungGen      total 199680K, used 11254K [0x00000000d5c00000, 0x00000000e4680000, 0x0000000100000000)
  eden space 188416K, 0% used [0x00000000d5c00000,0x00000000d5c00000,0x00000000e1400000)
  from space 11264K, 99% used [0x00000000e2280000,0x00000000e2d7d950,0x00000000e2d80000)
  to   space 14848K, 0% used [0x00000000e1400000,0x00000000e1400000,0x00000000e2280000)
 ParOldGen       total 49664K, used 12882K [0x0000000081400000, 0x0000000084480000, 0x00000000d5c00000)
  object space 49664K, 25% used [0x0000000081400000,0x0000000082094938,0x0000000084480000)
 Metaspace       used 33896K, capacity 35346K, committed 35496K, reserved 1079296K
  class space    used 4453K, capacity 4754K, committed 4864K, reserved 1048576K
Event: 2.276 GC heap after
Heap after GC invocations=10 (full 2):
 PSYoungGen      total 199680K, used 0K [0x00000000d5c00000, 0x00000000e4680000, 0x0000000100000000)
  eden space 188416K, 0% used [0x00000000d5c00000,0x00000000d5c00000,0x00000000e1400000)
  from space 11264K, 0% used [0x00000000e2280000,0x00000000e2280000,0x00000000e2d80000)
  to   space 14848K, 0% used [0x00000000e1400000,0x00000000e1400000,0x00000000e2280000)
 ParOldGen       total 83968K, used 20234K [0x0000000081400000, 0x0000000086600000, 0x00000000d5c00000)
  object space 83968K, 24% used [0x0000000081400000,0x00000000827c2b30,0x0000000086600000)
 Metaspace       used 33896K, capacity 35346K, committed 35496K, reserved 1079296K
  class space    used 4453K, capacity 4754K, committed 4864K, reserved 1048576K
}

Deoptimization events (0 events):
No events

Classes redefined (0 events):
No events

Internal exceptions (10 events):
Event: 1.917 Thread 0x0000000002de5800 Exception <a 'java/lang/ClassNotFoundException': org.springframework.boot.autoconfigure.jdbc.metadata.DataSourcePoolMetadataProvidersConfiguration$TomcatDataSourcePoolMetadataProviderConfiguration$$Lambda$361/1515116175Customizer> (0x00000000da091638) thr
Event: 1.917 Thread 0x0000000002de5800 Exception <a 'java/lang/ClassNotFoundException': org.springframework.boot.autoconfigure.jdbc.metadata.DataSourcePoolMetadataProvidersConfiguration$TomcatDataSourcePoolMetadataProviderConfiguration$$Lambda$361/1515116175Customizer> (0x00000000da091da8) thr
Event: 1.917 Thread 0x0000000002de5800 Exception <a 'java/lang/ClassNotFoundException': org/springframework/boot/jdbc/metadata/DataSourcePoolMetadataProviderCustomizer> (0x00000000da0b1760) thrown at [C:\re\workspace\8-2-build-windows-amd64-cygwin\jdk8u231\13620\hotspot\src\share\vm\classfile\
Event: 1.920 Thread 0x0000000002de5800 Exception <a 'java/lang/ClassNotFoundException': java/lang/ObjectCustomizer> (0x00000000da0e41a8) thrown at [C:\re\workspace\8-2-build-windows-amd64-cygwin\jdk8u231\13620\hotspot\src\share\vm\classfile\systemDictionary.cpp, line 210]
Event: 1.920 Thread 0x0000000002de5800 Exception <a 'java/lang/ClassNotFoundException': org/springframework/boot/autoconfigure/orm/jpa/JpaBaseConfigurationCustomizer> (0x00000000da1037c0) thrown at [C:\re\workspace\8-2-build-windows-amd64-cygwin\jdk8u231\13620\hotspot\src\share\vm\classfile\sy
Event: 1.920 Thread 0x0000000002de5800 Exception <a 'java/lang/ArrayIndexOutOfBoundsException'> (0x00000000da108630) thrown at [C:\re\workspace\8-2-build-windows-amd64-cygwin\jdk8u231\13620\hotspot\src\share\vm\runtime\sharedRuntime.cpp, line 605]
Event: 1.921 Thread 0x0000000002de5800 Exception <a 'java/lang/ClassNotFoundException': org/springframework/boot/autoconfigure/orm/jpa/HibernateJpaConfigurationCustomizer> (0x00000000da132208) thrown at [C:\re\workspace\8-2-build-windows-amd64-cygwin\jdk8u231\13620\hotspot\src\share\vm\classfi
Event: 1.921 Thread 0x0000000002de5800 Exception <a 'java/lang/ClassNotFoundException': org/springframework/boot/autoconfigure/orm/jpa/HibernateJpaConfiguration$$EnhancerBySpringCGLIB$$f4e2e6eCustomizer> (0x00000000da158c58) thrown at [C:\re\workspace\8-2-build-windows-amd64-cygwin\jdk8u231\13
Event: 1.921 Thread 0x0000000002de5800 Exception <a 'java/lang/ClassNotFoundException': org/springframework/context/annotation/ConfigurationClassEnhancer$EnhancedConfigurationCustomizer> (0x00000000da186308) thrown at [C:\re\workspace\8-2-build-windows-amd64-cygwin\jdk8u231\13620\hotspot\src\s
Event: 1.922 Thread 0x0000000002de5800 Exception <a 'java/lang/ClassNotFoundException': org/springframework/beans/factory/BeanFactoryAwareCustomizer> (0x00000000da19d5e8) thrown at [C:\re\workspace\8-2-build-windows-amd64-cygwin\jdk8u231\13620\hotspot\src\share\vm\classfile\systemDictionary.cp

Events (10 events):
Event: 2.362 loading class java/sql/SQLXML
Event: 2.362 loading class java/sql/SQLXML done
Event: 2.362 loading class java/sql/Struct
Event: 2.362 loading class java/sql/Struct done
Event: 2.362 loading class java/sql/CallableStatement
Event: 2.362 loading class java/sql/PreparedStatement
Event: 2.362 loading class java/sql/PreparedStatement done
Event: 2.363 loading class java/sql/CallableStatement done
Event: 2.363 loading class java/sql/SQLClientInfoException
Event: 2.363 loading class java/sql/SQLClientInfoException done


Dynamic libraries:
0x00007ff723c90000 - 0x00007ff723cc7000 	C:\Program Files\Java\jdk1.8.0_231\bin\javaw.exe
0x00007ffbefba0000 - 0x00007ffbefd4c000 	C:\Windows\SYSTEM32\ntdll.dll
0x00007ffbed790000 - 0x00007ffbed8ca000 	C:\Windows\system32\KERNEL32.DLL
0x00007ffbed190000 - 0x00007ffbed29f000 	C:\Windows\system32\KERNELBASE.dll
0x00007ffbead10000 - 0x00007ffbead98000 	C:\Windows\system32\apphelp.dll
0x00007ffbdef30000 - 0x00007ffbdef7f000 	C:\Windows\AppPatch\AppPatch64\AcGenral.DLL
0x00007ffbefaf0000 - 0x00007ffbefb97000 	C:\Windows\system32\msvcrt.dll
0x00007ffbecbc0000 - 0x00007ffbecbeb000 	C:\Windows\SYSTEM32\SspiCli.dll
0x00007ffbeef00000 - 0x00007ffbeef51000 	C:\Windows\system32\SHLWAPI.dll
0x00007ffbef6b0000 - 0x00007ffbef821000 	C:\Windows\system32\USER32.dll
0x00007ffbed410000 - 0x00007ffbed588000 	C:\Windows\system32\ole32.dll
0x00007ffbed8d0000 - 0x00007ffbeede8000 	C:\Windows\system32\SHELL32.dll
0x00007ffbebf90000 - 0x00007ffbebfae000 	C:\Windows\SYSTEM32\USERENV.dll
0x00007ffbeee50000 - 0x00007ffbeeef5000 	C:\Windows\system32\ADVAPI32.dll
0x00007ffbe0c80000 - 0x00007ffbe0c9b000 	C:\Windows\SYSTEM32\MPR.dll
0x00007ffbef390000 - 0x00007ffbef4c7000 	C:\Windows\system32\RPCRT4.dll
0x00007ffbeedf0000 - 0x00007ffbeee49000 	C:\Windows\SYSTEM32\sechost.dll
0x00007ffbef840000 - 0x00007ffbefa16000 	C:\Windows\SYSTEM32\combase.dll
0x00007ffbed590000 - 0x00007ffbed6d4000 	C:\Windows\system32\GDI32.dll
0x00007ffbecde0000 - 0x00007ffbecdf4000 	C:\Windows\SYSTEM32\profapi.dll
0x00007ffbec3a0000 - 0x00007ffbec452000 	C:\Windows\SYSTEM32\SHCORE.dll
0x00007ffbed3d0000 - 0x00007ffbed404000 	C:\Windows\system32\IMM32.DLL
0x00007ffbeef70000 - 0x00007ffbef0c2000 	C:\Windows\system32\MSCTF.dll
0x00007ffbec6d0000 - 0x00007ffbec92a000 	C:\Windows\WinSxS\amd64_microsoft.windows.common-controls_6595b64144ccf1df_6.0.9600.17031_none_6242a4b3ecbb55a1\COMCTL32.dll
0x000000005eb90000 - 0x000000005ec62000 	C:\Program Files\Java\jdk1.8.0_231\jre\bin\msvcr100.dll
0x000000005e2e0000 - 0x000000005eb86000 	C:\Program Files\Java\jdk1.8.0_231\jre\bin\server\jvm.dll
0x00007ffbd2f60000 - 0x00007ffbd2f69000 	C:\Windows\SYSTEM32\WSOCK32.dll
0x00007ffbe7320000 - 0x00007ffbe733f000 	C:\Windows\SYSTEM32\WINMM.dll
0x00007ffbebbf0000 - 0x00007ffbebbfa000 	C:\Windows\SYSTEM32\VERSION.dll
0x00007ffbeef60000 - 0x00007ffbeef67000 	C:\Windows\system32\PSAPI.DLL
0x00007ffbef270000 - 0x00007ffbef2c8000 	C:\Windows\system32\WS2_32.dll
0x00007ffbe72f0000 - 0x00007ffbe731a000 	C:\Windows\SYSTEM32\WINMMBASE.dll
0x00007ffbed3c0000 - 0x00007ffbed3c9000 	C:\Windows\system32\NSI.dll
0x00007ffbed2a0000 - 0x00007ffbed2ea000 	C:\Windows\SYSTEM32\cfgmgr32.dll
0x00007ffbeaf80000 - 0x00007ffbeafa6000 	C:\Windows\SYSTEM32\DEVOBJ.dll
0x00007ffbe5af0000 - 0x00007ffbe5aff000 	C:\Program Files\Java\jdk1.8.0_231\jre\bin\verify.dll
0x00007ffbe5300000 - 0x00007ffbe5329000 	C:\Program Files\Java\jdk1.8.0_231\jre\bin\java.dll
0x00007ffbe3ae0000 - 0x00007ffbe3af6000 	C:\Program Files\Java\jdk1.8.0_231\jre\bin\zip.dll
0x00007ffbe5ae0000 - 0x00007ffbe5aed000 	C:\Program Files\Java\jdk1.8.0_231\jre\bin\management.dll
0x00007ffbdee70000 - 0x00007ffbdee8a000 	C:\Program Files\Java\jdk1.8.0_231\jre\bin\net.dll
0x00007ffbec1e0000 - 0x00007ffbec238000 	C:\Windows\system32\mswsock.dll
0x00007ffbdee50000 - 0x00007ffbdee62000 	C:\Program Files\Java\jdk1.8.0_231\jre\bin\nio.dll
0x00007ffbe28d0000 - 0x00007ffbe28e4000 	C:\Windows\system32\napinsp.dll
0x00007ffbe28a0000 - 0x00007ffbe28b9000 	C:\Windows\system32\pnrpnsp.dll
0x00007ffbe8790000 - 0x00007ffbe87ab000 	C:\Windows\system32\NLAapi.dll
0x00007ffbebff0000 - 0x00007ffbec093000 	C:\Windows\SYSTEM32\DNSAPI.dll
0x00007ffbe2890000 - 0x00007ffbe289c000 	C:\Windows\System32\winrnr.dll
0x00007ffbe2870000 - 0x00007ffbe2883000 	C:\Windows\system32\wshbth.dll
0x00007ffbe39f0000 - 0x00007ffbe39f9000 	C:\Windows\System32\rasadhlp.dll
0x00007ffbe7020000 - 0x00007ffbe7049000 	C:\Windows\SYSTEM32\IPHLPAPI.DLL
0x00007ffbe7000000 - 0x00007ffbe700a000 	C:\Windows\SYSTEM32\WINNSI.DLL
0x00007ffbe5dd0000 - 0x00007ffbe5e38000 	C:\Windows\System32\fwpuclnt.dll
0x00007ffbec240000 - 0x00007ffbec25e000 	C:\Windows\SYSTEM32\CRYPTSP.dll
0x00007ffbebe80000 - 0x00007ffbebeb5000 	C:\Windows\system32\rsaenh.dll
0x00007ffbec560000 - 0x00007ffbec586000 	C:\Windows\SYSTEM32\bcrypt.dll
0x00007ffbecbf0000 - 0x00007ffbecc50000 	C:\Windows\system32\bcryptprimitives.dll
0x00007ffbecc50000 - 0x00007ffbecc5a000 	C:\Windows\SYSTEM32\CRYPTBASE.dll
0x00007ffbe5ba0000 - 0x00007ffbe5bb4000 	C:\Windows\SYSTEM32\dhcpcsvc6.DLL
0x00007ffbe6780000 - 0x00007ffbe6799000 	C:\Windows\SYSTEM32\dhcpcsvc.DLL
0x00007ffbde200000 - 0x00007ffbde224000 	C:\Program Files\Java\jdk1.8.0_231\jre\bin\sunec.dll
0x00007ffbe3ad0000 - 0x00007ffbe3adb000 	C:\Program Files\Java\jdk1.8.0_231\jre\bin\sunmscapi.dll
0x00007ffbeceb0000 - 0x00007ffbed08f000 	C:\Windows\system32\CRYPT32.dll
0x00007ffbece90000 - 0x00007ffbecea2000 	C:\Windows\system32\MSASN1.dll
0x00007ffbcebd0000 - 0x00007ffbced58000 	C:\Windows\SYSTEM32\dbghelp.dll

VM Arguments:
jvm_args: -Dcom.sun.management.jmxremote -Dcom.sun.management.jmxremote.port=64132 -Dcom.sun.management.jmxremote.authenticate=false -Dcom.sun.management.jmxremote.ssl=false -Djava.rmi.server.hostname=localhost -Dspring.jmx.enabled=true -Dspring.liveBeansView.mbeanDomain -Dspring.application.admin.enabled=true -Xverify:none -XX:TieredStopAtLevel=1 -Dfile.encoding=UTF-8 
java_command: com.example.demo.PurchaseOrderApplication
java_class_path (initial): D:\JAVA\purchase_order\target\classes;C:\Program Files\apache-tomcat-8.5.47\lib\annotations-api.jar;C:\Program Files\apache-tomcat-8.5.47\lib\catalina-ant.jar;C:\Program Files\apache-tomcat-8.5.47\lib\catalina-ha.jar;C:\Program Files\apache-tomcat-8.5.47\lib\catalina-storeconfig.jar;C:\Program Files\apache-tomcat-8.5.47\lib\catalina-tribes.jar;C:\Program Files\apache-tomcat-8.5.47\lib\catalina.jar;C:\Program Files\apache-tomcat-8.5.47\lib\ecj-4.6.3.jar;C:\Program Files\apache-tomcat-8.5.47\lib\el-api.jar;C:\Program Files\apache-tomcat-8.5.47\lib\jasper-el.jar;C:\Program Files\apache-tomcat-8.5.47\lib\jasper.jar;C:\Program Files\apache-tomcat-8.5.47\lib\jaspic-api.jar;C:\Program Files\apache-tomcat-8.5.47\lib\jsp-api.jar;C:\Program Files\apache-tomcat-8.5.47\lib\servlet-api.jar;C:\Program Files\apache-tomcat-8.5.47\lib\tomcat-api.jar;C:\Program Files\apache-tomcat-8.5.47\lib\tomcat-coyote.jar;C:\Program Files\apache-tomcat-8.5.47\lib\tomcat-dbcp.jar;C:\Program Files\apache-tomcat-8.5.47\lib\tomcat-i18n-de.jar;C:\Program Files\apache-tomcat-8.5.47\lib\tomcat-i18n-es.jar;C:\Program Files\apache-tomcat-8.5.47\lib\tomcat-i18n-fr.jar;C:\Program Files\apache-tomcat-8.5.47\lib\tomcat-i18n-ja.jar;C:\Program Files\apache-tomcat-8.5.47\lib\tomcat-i18n-ko.jar;C:\Program Files\apache-tomcat-8.5.47\lib\tomcat-i18n-ru.jar;C:\Program Files\apache-tomcat-8.5.47\lib\tomcat-i18n-zh-CN.jar;C:\Program Files\apache-tomcat-8.5.47\lib\tomcat-jdbc.jar;C:\Program Files\apache-tomcat-8.5.47\lib\tomcat-jni.jar;C:\Program Files\apache-tomcat-8.5.47\lib\tomcat-util-scan.jar;C:\Program Files\apache-tomcat-8.5.47\lib\tomcat-util.jar;C:\Program Files\apache-tomcat-8.5.47\lib\tomcat-websocket.jar;C:\Program Files\apache-tomcat-8.5.47\lib\websocket-api.jar;C:\Users\SLTECHKNOW_2\.m2\repository\org\springframework\boot\spring-boot-starter-data-jpa\2.0.5.RELEASE\spring-boot-starter-data-jpa-2.0.5.RELEASE.jar;C:\Users\SLTECHKNOW_2\.m2\repository\org\springframework\boot\sprin
Launcher Type: SUN_STANDARD

Environment Variables:
JAVA_HOME=C:\Program Files\Java\jdk1.8.0_231
PATH=C:/Program Files/Java/jre1.8.0_231/bin/server;C:/Program Files/Java/jre1.8.0_231/bin;C:/Program Files/Java/jre1.8.0_231/lib/amd64;C:\Program Files (x86)\Common Files\Oracle\Java\javapath;C:\ProgramData\Oracle\Java\javapath;c:\Program Files (x86)\Intel\iCLS Client\;c:\Program Files\Intel\iCLS Client\;C:\Windows\system32;C:\Windows;C:\Windows\System32\Wbem;C:\Windows\System32\WindowsPowerShell\v1.0\;C:\Program Files\Intel\Intel(R) Management Engine Components\DAL;C:\Program Files\Intel\Intel(R) Management Engine Components\IPT;C:\Program Files (x86)\Intel\Intel(R) Management Engine Components\DAL;C:\Program Files (x86)\Intel\Intel(R) Management Engine Components\IPT;C:\Program Files (x86)\CrSSL\bin;C:\Program Files (x86)\CrSSL\bin;C:\Program Files (x86)\CrSSL\bin;C:\Program Files (x86)\CrSSL\bin;C:\Program Files\Java\jdk1.8.0_231\bin;C:\Program Files\apache-maven-3.6.2\bin;C:\Program Files (x86)\Sophos\Sophos SSL VPN Client\bin;C:\Users\SLTECHKNOW_2\Downloads\eclipse-jee-2019-09-R-win32-x86_64\eclipse;
USERNAME=SLTECHKNOW_2
OS=Windows_NT
PROCESSOR_IDENTIFIER=Intel64 Family 6 Model 60 Stepping 3, GenuineIntel



---------------  S Y S T E M  ---------------

OS: Windows 8.1 , 64 bit Build 9600 (6.3.9600.17056)

CPU:total 4 (initial active 4) (2 cores per cpu, 2 threads per core) family 6 model 60 stepping 3, cmov, cx8, fxsr, mmx, sse, sse2, sse3, ssse3, sse4.1, sse4.2, popcnt, avx, avx2, aes, clmul, erms, lzcnt, ht, tsc, tscinvbit, bmi1, bmi2

Memory: 4k page, physical 8303552k(1908936k free), swap 16692160k(8504648k free)

vm_info: Java HotSpot(TM) 64-Bit Server VM (25.231-b11) for windows-amd64 JRE (1.8.0_231-b11), built on Oct  5 2019 03:11:30 by "java_re" with MS VC++ 10.0 (VS2010)

time: Fri Nov 08 14:34:34 2019
timezone: India Standard Time
elapsed time: 2 seconds (0d 0h 0m 2s)

