#
# A fatal error has been detected by the Java Runtime Environment:
#
#  EXCEPTION_ACCESS_VIOLATION (0xc0000005) at pc=0x0000000002b13c9d, pid=4088, tid=0x0000000000002dbc
#
# JRE version: Java(TM) SE Runtime Environment (8.0_231-b11) (build 1.8.0_231-b11)
# Java VM: Java HotSpot(TM) 64-Bit Server VM (25.231-b11 mixed mode windows-amd64 compressed oops)
# Problematic frame:
# j  java.util.Arrays$ArrayList.get(I)Ljava/lang/Object;+0
#
# Failed to write core dump. Minidumps are not enabled by default on client versions of Windows
#
# If you would like to submit a bug report, please visit:
#   http://bugreport.java.com/bugreport/crash.jsp
#

---------------  T H R E A D  ---------------

Current thread (0x0000000002a05800):  JavaThread "main" [_thread_in_Java, id=11708, stack(0x0000000002900000,0x0000000002a00000)]

siginfo: ExceptionCode=0xc0000005, reading address 0x00000000000080fc

Registers:
RAX=0x0000000000008100, RBX=0x0000000016f846d0, RCX=0x0000000000000002, RDX=0x0000000016f84c78
RSP=0x00000000029fad10, RBP=0x00000000029fad50, RSI=0x0000000011000020, RDI=0x00000000ffffffff
R8 =0x000000000000001f, R9 =0x0000000002757d50, R10=0x000000005eae8730, R11=0x0000000002c02c40
R12=0x0000000000000000, R13=0x0000000016f846c0, R14=0x00000000029fad68, R15=0x0000000002a05800
RIP=0x0000000002b13c9d, EFLAGS=0x0000000000010206

Top of Stack: (sp=0x00000000029fad10)
0x00000000029fad10:   00000000029fad10 0000000016f846c0
0x00000000029fad20:   00000000029fad68 0000000016f84c78
0x00000000029fad30:   0000000000008100 0000000016f846d0
0x00000000029fad40:   0000000000000000 00000000029fad60
0x00000000029fad50:   00000000029fadb0 0000000002b080e0
0x00000000029fad60:   0000000000000000 00000000d5fd9cc0
0x00000000029fad70:   00000000029fad70 000000001707876e
0x00000000029fad80:   00000000029fadd0 0000000017078a70
0x00000000029fad90:   0000000000000000 00000000170787a8
0x00000000029fada0:   00000000029fad60 00000000029fadd0
0x00000000029fadb0:   00000000029fae18 0000000002b081b4
0x00000000029fadc0:   0000000000000000 0000000000000000
0x00000000029fadd0:   00000000d5fd9d08 00000000029fadd8
0x00000000029fade0:   0000000016d9833b 00000000029fae48
0x00000000029fadf0:   0000000016d989f8 0000000000000000
0x00000000029fae00:   0000000016d98360 00000000029fadd0 

Instructions: (pc=0x0000000002b13c9d)
0x0000000002b13c7d:   41 55 68 00 00 00 00 48 89 24 24 41 c6 87 95 02
0x0000000002b13c8d:   00 00 01 48 8b 45 e0 48 85 c0 0f 84 8a 00 00 00
0x0000000002b13c9d:   8b 48 fc 85 c9 0f 88 7f 00 00 00 48 03 c1 48 8b
0x0000000002b13cad:   48 08 48 83 e9 02 48 8b 54 c8 10 48 f7 da 49 8b 


Register to memory mapping:

RAX=0x0000000000008100 is an unknown value
RBX={method} {0x0000000016f846d8} 'get' '(I)Ljava/lang/Object;' in 'java/util/Arrays$ArrayList'
RCX=0x0000000000000002 is an unknown value
RDX=0x0000000016f84c78 is pointing into metadata
RSP=0x00000000029fad10 is pointing into the stack for thread: 0x0000000002a05800
RBP=0x00000000029fad50 is pointing into the stack for thread: 0x0000000002a05800
RSI=0x0000000011000020 is an unknown value
RDI=0x00000000ffffffff is an unallocated location in the heap
R8 =0x000000000000001f is an unknown value
R9 =0x0000000002757d50 is an unknown value
R10=0x000000005eae8730 is an unknown value
R11=0x0000000002c02c40 is at entry_point+32 in (nmethod*)0x0000000002c02ad0
R12=0x0000000000000000 is an unknown value
R13=0x0000000016f846c0 is pointing into metadata
R14=0x00000000029fad68 is pointing into the stack for thread: 0x0000000002a05800
R15=0x0000000002a05800 is a thread


Stack: [0x0000000002900000,0x0000000002a00000],  sp=0x00000000029fad10,  free space=1003k
Native frames: (J=compiled Java code, j=interpreted, Vv=VM code, C=native code)
C  0x0000000002b13c9d


---------------  P R O C E S S  ---------------

Java Threads: ( => current thread )
  0x0000000019130800 JavaThread "Service Thread" daemon [_thread_blocked, id=10924, stack(0x00000000194f0000,0x00000000195f0000)]
  0x000000001768f800 JavaThread "C1 CompilerThread2" daemon [_thread_blocked, id=9036, stack(0x0000000018ff0000,0x00000000190f0000)]
  0x000000001767e800 JavaThread "C2 CompilerThread1" daemon [_thread_blocked, id=7136, stack(0x0000000018ef0000,0x0000000018ff0000)]
  0x000000001767c000 JavaThread "C2 CompilerThread0" daemon [_thread_blocked, id=9632, stack(0x0000000018df0000,0x0000000018ef0000)]
  0x000000001767b800 JavaThread "Attach Listener" daemon [_thread_blocked, id=12156, stack(0x0000000018cf0000,0x0000000018df0000)]
  0x0000000017679800 JavaThread "Signal Dispatcher" daemon [_thread_blocked, id=12040, stack(0x0000000018bf0000,0x0000000018cf0000)]
  0x000000001765b000 JavaThread "Finalizer" daemon [_thread_blocked, id=8612, stack(0x00000000188c0000,0x00000000189c0000)]
  0x000000001765a000 JavaThread "Reference Handler" daemon [_thread_blocked, id=6464, stack(0x00000000187c0000,0x00000000188c0000)]
=>0x0000000002a05800 JavaThread "main" [_thread_in_Java, id=11708, stack(0x0000000002900000,0x0000000002a00000)]

Other Threads:
  0x0000000017637000 VMThread [stack: 0x00000000186c0000,0x00000000187c0000] [id=7712]

VM state:not at safepoint (normal execution)

VM Mutex/Monitor currently owned by a thread: None

heap address: 0x0000000081400000, size: 2028 MB, Compressed Oops mode: 32-bit
Narrow klass base: 0x0000000000000000, Narrow klass shift: 3
Compressed class space size: 1073741824 Address: 0x0000000100000000

Heap:
 PSYoungGen      total 38400K, used 3993K [0x00000000d5c00000, 0x00000000d8680000, 0x0000000100000000)
  eden space 33280K, 12% used [0x00000000d5c00000,0x00000000d5fe6680,0x00000000d7c80000)
  from space 5120K, 0% used [0x00000000d8180000,0x00000000d8180000,0x00000000d8680000)
  to   space 5120K, 0% used [0x00000000d7c80000,0x00000000d7c80000,0x00000000d8180000)
 ParOldGen       total 87552K, used 0K [0x0000000081400000, 0x0000000086980000, 0x00000000d5c00000)
  object space 87552K, 0% used [0x0000000081400000,0x0000000081400000,0x0000000086980000)
 Metaspace       used 5148K, capacity 5192K, committed 5376K, reserved 1056768K
  class space    used 621K, capacity 648K, committed 768K, reserved 1048576K

Card table byte_map: [0x0000000011ec0000,0x00000000122c0000] byte_map_base: 0x0000000011ab6000

Marking Bits: (ParMarkBitMap*) 0x000000005eb06d90
 Begin Bits: [0x0000000012970000, 0x0000000014920000)
 End Bits:   [0x0000000014920000, 0x00000000168d0000)

Polling page: 0x0000000000e90000

CodeCache: size=245760Kb used=1455Kb max_used=1455Kb free=244304Kb
 bounds [0x0000000002b00000, 0x0000000002d70000, 0x0000000011b00000]
 total_blobs=558 nmethods=271 adapters=200
 compilation: enabled

Compilation events (10 events):
Event: 0.180 Thread 0x000000001768f800  267       1       java.util.Hashtable$Enumerator::hasMoreElements (53 bytes)
Event: 0.180 Thread 0x000000001768f800 nmethod 267 0x0000000002c6afd0 code [0x0000000002c6b120, 0x0000000002c6b2b0]
Event: 0.180 Thread 0x000000001768f800  270       1       java.nio.charset.CharsetEncoder::maxBytesPerChar (5 bytes)
Event: 0.180 Thread 0x000000001768f800 nmethod 270 0x0000000002c6b390 code [0x0000000002c6b4e0, 0x0000000002c6b5f0]
Event: 0.180 Thread 0x000000001768f800  268       1       java.lang.ThreadLocal::getMap (5 bytes)
Event: 0.180 Thread 0x000000001768f800 nmethod 268 0x0000000002c6b650 code [0x0000000002c6b7a0, 0x0000000002c6b8b0]
Event: 0.180 Thread 0x000000001768f800  269       1       java.lang.ThreadLocal::get (38 bytes)
Event: 0.180 Thread 0x000000001768f800 nmethod 269 0x0000000002c6b950 code [0x0000000002c6bac0, 0x0000000002c6bc88]
Event: 0.217 Thread 0x000000001768f800  271       1       java.lang.StringCoding$StringEncoder::requestedCharsetName (5 bytes)
Event: 0.217 Thread 0x000000001768f800 nmethod 271 0x0000000002c6bdd0 code [0x0000000002c6bf20, 0x0000000002c6c030]

GC Heap History (0 events):
No events

Deoptimization events (0 events):
No events

Classes redefined (0 events):
No events

Internal exceptions (10 events):
Event: 0.107 Thread 0x0000000002a05800 Exception <a 'java/lang/ArrayIndexOutOfBoundsException'> (0x00000000d5d0dc00) thrown at [C:\re\workspace\8-2-build-windows-amd64-cygwin\jdk8u231\13620\hotspot\src\share\vm\runtime\sharedRuntime.cpp, line 605]
Event: 0.112 Thread 0x0000000002a05800 Exception <a 'java/lang/ArrayIndexOutOfBoundsException'> (0x00000000d5d34570) thrown at [C:\re\workspace\8-2-build-windows-amd64-cygwin\jdk8u231\13620\hotspot\src\share\vm\runtime\sharedRuntime.cpp, line 605]
Event: 0.112 Thread 0x0000000002a05800 Exception <a 'java/lang/ArrayIndexOutOfBoundsException'> (0x00000000d5d357d8) thrown at [C:\re\workspace\8-2-build-windows-amd64-cygwin\jdk8u231\13620\hotspot\src\share\vm\runtime\sharedRuntime.cpp, line 605]
Event: 0.113 Thread 0x0000000002a05800 Exception <a 'java/lang/ArrayIndexOutOfBoundsException'> (0x00000000d5d37150) thrown at [C:\re\workspace\8-2-build-windows-amd64-cygwin\jdk8u231\13620\hotspot\src\share\vm\runtime\sharedRuntime.cpp, line 605]
Event: 0.116 Thread 0x0000000002a05800 Exception <a 'java/lang/ArrayIndexOutOfBoundsException'> (0x00000000d5e03318) thrown at [C:\re\workspace\8-2-build-windows-amd64-cygwin\jdk8u231\13620\hotspot\src\share\vm\runtime\sharedRuntime.cpp, line 605]
Event: 0.122 Thread 0x0000000002a05800 Exception <a 'java/lang/ArrayIndexOutOfBoundsException'> (0x00000000d5e15d60) thrown at [C:\re\workspace\8-2-build-windows-amd64-cygwin\jdk8u231\13620\hotspot\src\share\vm\runtime\sharedRuntime.cpp, line 605]
Event: 0.138 Thread 0x0000000002a05800 Exception <a 'java/security/PrivilegedActionException'> (0x00000000d5e640b0) thrown at [C:\re\workspace\8-2-build-windows-amd64-cygwin\jdk8u231\13620\hotspot\src\share\vm\prims\jvm.cpp, line 1502]
Event: 0.138 Thread 0x0000000002a05800 Exception <a 'java/security/PrivilegedActionException'> (0x00000000d5e642c0) thrown at [C:\re\workspace\8-2-build-windows-amd64-cygwin\jdk8u231\13620\hotspot\src\share\vm\prims\jvm.cpp, line 1502]
Event: 0.139 Thread 0x0000000002a05800 Exception <a 'java/security/PrivilegedActionException'> (0x00000000d5e681d0) thrown at [C:\re\workspace\8-2-build-windows-amd64-cygwin\jdk8u231\13620\hotspot\src\share\vm\prims\jvm.cpp, line 1502]
Event: 0.139 Thread 0x0000000002a05800 Exception <a 'java/security/PrivilegedActionException'> (0x00000000d5e683e0) thrown at [C:\re\workspace\8-2-build-windows-amd64-cygwin\jdk8u231\13620\hotspot\src\share\vm\prims\jvm.cpp, line 1502]

Events (10 events):
Event: 0.217 loading class sun/nio/fs/WindowsFileSystemProvider
Event: 0.217 loading class sun/nio/fs/AbstractFileSystemProvider
Event: 0.218 loading class java/nio/file/spi/FileSystemProvider
Event: 0.218 loading class java/nio/file/spi/FileSystemProvider done
Event: 0.218 loading class sun/nio/fs/AbstractFileSystemProvider done
Event: 0.218 loading class sun/nio/fs/WindowsFileSystemProvider done
Event: 0.218 loading class sun/nio/fs/WindowsFileSystem
Event: 0.218 loading class java/nio/file/FileSystem
Event: 0.218 loading class java/nio/file/FileSystem done
Event: 0.218 loading class sun/nio/fs/WindowsFileSystem done


Dynamic libraries:
0x00007ff723c90000 - 0x00007ff723cc7000 	C:\Program Files\Java\jdk1.8.0_231\bin\javaw.exe
0x00007ffbefba0000 - 0x00007ffbefd4c000 	C:\Windows\SYSTEM32\ntdll.dll
0x00007ffbed790000 - 0x00007ffbed8ca000 	C:\Windows\system32\KERNEL32.DLL
0x00007ffbed190000 - 0x00007ffbed29f000 	C:\Windows\system32\KERNELBASE.dll
0x00007ffbead10000 - 0x00007ffbead98000 	C:\Windows\system32\apphelp.dll
0x00007ffbde050000 - 0x00007ffbde09f000 	C:\Windows\AppPatch\AppPatch64\AcGenral.DLL
0x00007ffbefaf0000 - 0x00007ffbefb97000 	C:\Windows\system32\msvcrt.dll
0x00007ffbecbc0000 - 0x00007ffbecbeb000 	C:\Windows\SYSTEM32\SspiCli.dll
0x00007ffbeef00000 - 0x00007ffbeef51000 	C:\Windows\system32\SHLWAPI.dll
0x00007ffbef6b0000 - 0x00007ffbef821000 	C:\Windows\system32\USER32.dll
0x00007ffbed410000 - 0x00007ffbed588000 	C:\Windows\system32\ole32.dll
0x00007ffbed8d0000 - 0x00007ffbeede8000 	C:\Windows\system32\SHELL32.dll
0x00007ffbebf90000 - 0x00007ffbebfae000 	C:\Windows\SYSTEM32\USERENV.dll
0x00007ffbeee50000 - 0x00007ffbeeef5000 	C:\Windows\system32\ADVAPI32.dll
0x00007ffbe0c80000 - 0x00007ffbe0c9b000 	C:\Windows\SYSTEM32\MPR.dll
0x00007ffbef390000 - 0x00007ffbef4c7000 	C:\Windows\system32\RPCRT4.dll
0x00007ffbeedf0000 - 0x00007ffbeee49000 	C:\Windows\SYSTEM32\sechost.dll
0x00007ffbef840000 - 0x00007ffbefa16000 	C:\Windows\SYSTEM32\combase.dll
0x00007ffbed590000 - 0x00007ffbed6d4000 	C:\Windows\system32\GDI32.dll
0x00007ffbecde0000 - 0x00007ffbecdf4000 	C:\Windows\SYSTEM32\profapi.dll
0x00007ffbec3a0000 - 0x00007ffbec452000 	C:\Windows\SYSTEM32\SHCORE.dll
0x00007ffbed3d0000 - 0x00007ffbed404000 	C:\Windows\system32\IMM32.DLL
0x00007ffbeef70000 - 0x00007ffbef0c2000 	C:\Windows\system32\MSCTF.dll
0x00007ffbec6d0000 - 0x00007ffbec92a000 	C:\Windows\WinSxS\amd64_microsoft.windows.common-controls_6595b64144ccf1df_6.0.9600.17031_none_6242a4b3ecbb55a1\COMCTL32.dll
0x000000005eb90000 - 0x000000005ec62000 	C:\Program Files\Java\jdk1.8.0_231\jre\bin\msvcr100.dll
0x000000005e2e0000 - 0x000000005eb86000 	C:\Program Files\Java\jdk1.8.0_231\jre\bin\server\jvm.dll
0x00007ffbd2f60000 - 0x00007ffbd2f69000 	C:\Windows\SYSTEM32\WSOCK32.dll
0x00007ffbe7320000 - 0x00007ffbe733f000 	C:\Windows\SYSTEM32\WINMM.dll
0x00007ffbebbf0000 - 0x00007ffbebbfa000 	C:\Windows\SYSTEM32\VERSION.dll
0x00007ffbeef60000 - 0x00007ffbeef67000 	C:\Windows\system32\PSAPI.DLL
0x00007ffbef270000 - 0x00007ffbef2c8000 	C:\Windows\system32\WS2_32.dll
0x00007ffbe72f0000 - 0x00007ffbe731a000 	C:\Windows\SYSTEM32\WINMMBASE.dll
0x00007ffbed3c0000 - 0x00007ffbed3c9000 	C:\Windows\system32\NSI.dll
0x00007ffbed2a0000 - 0x00007ffbed2ea000 	C:\Windows\SYSTEM32\cfgmgr32.dll
0x00007ffbeaf80000 - 0x00007ffbeafa6000 	C:\Windows\SYSTEM32\DEVOBJ.dll
0x00007ffbe1cf0000 - 0x00007ffbe1cff000 	C:\Program Files\Java\jdk1.8.0_231\jre\bin\verify.dll
0x00007ffbdee60000 - 0x00007ffbdee89000 	C:\Program Files\Java\jdk1.8.0_231\jre\bin\java.dll
0x00007ffbdef20000 - 0x00007ffbdef36000 	C:\Program Files\Java\jdk1.8.0_231\jre\bin\zip.dll
0x00007ffbe0d60000 - 0x00007ffbe0d6d000 	C:\Program Files\Java\jdk1.8.0_231\jre\bin\management.dll
0x00007ffbde210000 - 0x00007ffbde22a000 	C:\Program Files\Java\jdk1.8.0_231\jre\bin\net.dll
0x00007ffbec1e0000 - 0x00007ffbec238000 	C:\Windows\system32\mswsock.dll
0x00007ffbde1f0000 - 0x00007ffbde202000 	C:\Program Files\Java\jdk1.8.0_231\jre\bin\nio.dll
0x00007ffbe28d0000 - 0x00007ffbe28e4000 	C:\Windows\system32\napinsp.dll
0x00007ffbe28a0000 - 0x00007ffbe28b9000 	C:\Windows\system32\pnrpnsp.dll
0x00007ffbe8790000 - 0x00007ffbe87ab000 	C:\Windows\system32\NLAapi.dll
0x00007ffbebff0000 - 0x00007ffbec093000 	C:\Windows\SYSTEM32\DNSAPI.dll
0x00007ffbe2890000 - 0x00007ffbe289c000 	C:\Windows\System32\winrnr.dll
0x00007ffbe2870000 - 0x00007ffbe2883000 	C:\Windows\system32\wshbth.dll
0x00007ffbe39f0000 - 0x00007ffbe39f9000 	C:\Windows\System32\rasadhlp.dll
0x00007ffbe7020000 - 0x00007ffbe7049000 	C:\Windows\SYSTEM32\IPHLPAPI.DLL
0x00007ffbe7000000 - 0x00007ffbe700a000 	C:\Windows\SYSTEM32\WINNSI.DLL
0x00007ffbe5dd0000 - 0x00007ffbe5e38000 	C:\Windows\System32\fwpuclnt.dll
0x00007ffbec240000 - 0x00007ffbec25e000 	C:\Windows\SYSTEM32\CRYPTSP.dll
0x00007ffbebe80000 - 0x00007ffbebeb5000 	C:\Windows\system32\rsaenh.dll
0x00007ffbec560000 - 0x00007ffbec586000 	C:\Windows\SYSTEM32\bcrypt.dll
0x00007ffbecbf0000 - 0x00007ffbecc50000 	C:\Windows\system32\bcryptprimitives.dll
0x00007ffbecc50000 - 0x00007ffbecc5a000 	C:\Windows\SYSTEM32\CRYPTBASE.dll
0x00007ffbe5ba0000 - 0x00007ffbe5bb4000 	C:\Windows\SYSTEM32\dhcpcsvc6.DLL
0x00007ffbe6780000 - 0x00007ffbe6799000 	C:\Windows\SYSTEM32\dhcpcsvc.DLL
0x00007ffbcebd0000 - 0x00007ffbced58000 	C:\Windows\SYSTEM32\dbghelp.dll

VM Arguments:
jvm_args: -Dcom.sun.management.jmxremote -Dcom.sun.management.jmxremote.port=64468 -Dcom.sun.management.jmxremote.authenticate=false -Dcom.sun.management.jmxremote.ssl=false -Djava.rmi.server.hostname=localhost -Dspring.jmx.enabled=true -Dspring.liveBeansView.mbeanDomain -Dspring.application.admin.enabled=true -Xverify:none -XX:TieredStopAtLevel=1 -Dfile.encoding=UTF-8 
java_command: com.example.demo.PurchaseOrderApplication
java_class_path (initial): D:\JAVA\purchase_order\target\classes;C:\Program Files\apache-tomcat-8.5.47\lib\annotations-api.jar;C:\Program Files\apache-tomcat-8.5.47\lib\catalina-ant.jar;C:\Program Files\apache-tomcat-8.5.47\lib\catalina-ha.jar;C:\Program Files\apache-tomcat-8.5.47\lib\catalina-storeconfig.jar;C:\Program Files\apache-tomcat-8.5.47\lib\catalina-tribes.jar;C:\Program Files\apache-tomcat-8.5.47\lib\catalina.jar;C:\Program Files\apache-tomcat-8.5.47\lib\ecj-4.6.3.jar;C:\Program Files\apache-tomcat-8.5.47\lib\el-api.jar;C:\Program Files\apache-tomcat-8.5.47\lib\jasper-el.jar;C:\Program Files\apache-tomcat-8.5.47\lib\jasper.jar;C:\Program Files\apache-tomcat-8.5.47\lib\jaspic-api.jar;C:\Program Files\apache-tomcat-8.5.47\lib\jsp-api.jar;C:\Program Files\apache-tomcat-8.5.47\lib\servlet-api.jar;C:\Program Files\apache-tomcat-8.5.47\lib\tomcat-api.jar;C:\Program Files\apache-tomcat-8.5.47\lib\tomcat-coyote.jar;C:\Program Files\apache-tomcat-8.5.47\lib\tomcat-dbcp.jar;C:\Program Files\apache-tomcat-8.5.47\lib\tomcat-i18n-de.jar;C:\Program Files\apache-tomcat-8.5.47\lib\tomcat-i18n-es.jar;C:\Program Files\apache-tomcat-8.5.47\lib\tomcat-i18n-fr.jar;C:\Program Files\apache-tomcat-8.5.47\lib\tomcat-i18n-ja.jar;C:\Program Files\apache-tomcat-8.5.47\lib\tomcat-i18n-ko.jar;C:\Program Files\apache-tomcat-8.5.47\lib\tomcat-i18n-ru.jar;C:\Program Files\apache-tomcat-8.5.47\lib\tomcat-i18n-zh-CN.jar;C:\Program Files\apache-tomcat-8.5.47\lib\tomcat-jdbc.jar;C:\Program Files\apache-tomcat-8.5.47\lib\tomcat-jni.jar;C:\Program Files\apache-tomcat-8.5.47\lib\tomcat-util-scan.jar;C:\Program Files\apache-tomcat-8.5.47\lib\tomcat-util.jar;C:\Program Files\apache-tomcat-8.5.47\lib\tomcat-websocket.jar;C:\Program Files\apache-tomcat-8.5.47\lib\websocket-api.jar;C:\Users\SLTECHKNOW_2\.m2\repository\org\springframework\boot\spring-boot-starter-data-jpa\2.0.5.RELEASE\spring-boot-starter-data-jpa-2.0.5.RELEASE.jar;C:\Users\SLTECHKNOW_2\.m2\repository\org\springframework\boot\sprin
Launcher Type: SUN_STANDARD

Environment Variables:
JAVA_HOME=C:\Program Files\Java\jdk1.8.0_231
PATH=C:/Program Files/Java/jre1.8.0_231/bin/server;C:/Program Files/Java/jre1.8.0_231/bin;C:/Program Files/Java/jre1.8.0_231/lib/amd64;C:\Program Files (x86)\Common Files\Oracle\Java\javapath;C:\ProgramData\Oracle\Java\javapath;c:\Program Files (x86)\Intel\iCLS Client\;c:\Program Files\Intel\iCLS Client\;C:\Windows\system32;C:\Windows;C:\Windows\System32\Wbem;C:\Windows\System32\WindowsPowerShell\v1.0\;C:\Program Files\Intel\Intel(R) Management Engine Components\DAL;C:\Program Files\Intel\Intel(R) Management Engine Components\IPT;C:\Program Files (x86)\Intel\Intel(R) Management Engine Components\DAL;C:\Program Files (x86)\Intel\Intel(R) Management Engine Components\IPT;C:\Program Files (x86)\CrSSL\bin;C:\Program Files (x86)\CrSSL\bin;C:\Program Files (x86)\CrSSL\bin;C:\Program Files (x86)\CrSSL\bin;C:\Program Files\Java\jdk1.8.0_231\bin;C:\Program Files\apache-maven-3.6.2\bin;C:\Program Files (x86)\Sophos\Sophos SSL VPN Client\bin;C:\Users\SLTECHKNOW_2\Downloads\eclipse-jee-2019-09-R-win32-x86_64\eclipse;
USERNAME=SLTECHKNOW_2
OS=Windows_NT
PROCESSOR_IDENTIFIER=Intel64 Family 6 Model 60 Stepping 3, GenuineIntel



---------------  S Y S T E M  ---------------

OS: Windows 8.1 , 64 bit Build 9600 (6.3.9600.17056)

CPU:total 4 (initial active 4) (2 cores per cpu, 2 threads per core) family 6 model 60 stepping 3, cmov, cx8, fxsr, mmx, sse, sse2, sse3, ssse3, sse4.1, sse4.2, popcnt, avx, avx2, aes, clmul, erms, lzcnt, ht, tsc, tscinvbit, bmi1, bmi2

Memory: 4k page, physical 8303552k(1817728k free), swap 16692160k(8347340k free)

vm_info: Java HotSpot(TM) 64-Bit Server VM (25.231-b11) for windows-amd64 JRE (1.8.0_231-b11), built on Oct  5 2019 03:11:30 by "java_re" with MS VC++ 10.0 (VS2010)

time: Fri Nov 08 15:00:01 2019
timezone: India Standard Time
elapsed time: 0 seconds (0d 0h 0m 0s)

